[0mCompiling "target/cljsbuild/public/js/app.js" from ["src/cljs" "src/cljc" "env/dev/cljs"]...[0m
[32mSuccessfully compiled "target/cljsbuild/public/js/app.js" in 0.674 seconds.[0m
notifying browser that file changed:  target/cljsbuild/public/js/out/goog/deps.js
notifying browser that file changed:  target/cljsbuild/public/js/out/cljs_deps.js
notifying browser that file changed:  target/cljsbuild/public/js/out/myapp/core.js
[0mCompiling "target/cljsbuild/public/js/app.js" from ["src/cljs" "src/cljc" "env/dev/cljs"]...[0m
[32mSuccessfully compiled "target/cljsbuild/public/js/app.js" in 1.134 seconds.[0m
notifying browser that file changed:  target/cljsbuild/public/js/out/goog/deps.js
notifying browser that file changed:  target/cljsbuild/public/js/out/cljs_deps.js
notifying browser that file changed:  target/cljsbuild/public/js/out/myapp/core.js
[0mCompiling "target/cljsbuild/public/js/app.js" from ["src/cljs" "src/cljc" "env/dev/cljs"]...[0m
[32mSuccessfully compiled "target/cljsbuild/public/js/app.js" in 0.938 seconds.[0m
notifying browser that file changed:  target/cljsbuild/public/js/out/myapp/core.js
[0mCompiling "target/cljsbuild/public/js/app.js" from ["src/cljs" "src/cljc" "env/dev/cljs"]...[0m
[32mSuccessfully compiled "target/cljsbuild/public/js/app.js" in 0.802 seconds.[0m
notifying browser that file changed:  target/cljsbuild/public/js/out/myapp/core.js
[0mCompiling "target/cljsbuild/public/js/app.js" from ["src/cljs" "src/cljc" "env/dev/cljs"]...[0m
[31mFailed to compile "target/cljsbuild/public/js/app.js" in 0.402 seconds.[0m
[36m----  Could not Compile  src/cljs/myapp/core.cljs  ----[0m

  [1mfailed compiling file:/home/bhavesh/tech-team/cljs_projs/bhavesh/css/myapp/src/cljs/myapp/core.cljs[0m

[36m----  Compiler Error : Please see src/cljs/myapp/core.cljs  ----[0m
[0mCompiling "target/cljsbuild/public/js/app.js" from ["src/cljs" "src/cljc" "env/dev/cljs"]...[0m
[36m----  Compiler Warning on   src/cljs/myapp/core.cljs   line:40  column:18  ----[0m

  [1mUse of undeclared Var myapp.core/d[0m

  [36m36[0m  [36m     [:img {:src (str js/context "/img/warning_clojure.png")}]]]])[0m
  [36m37[0m  [36m[0m
  [36m38[0m  [36m(defn home-page [][0m
  [36m39[0m  [36m  [:div.container[0m
  [33m40[0m  [1m   [:h2 "fhafoh"]d])[0m
  [0m  [0m  [33m                 ^--- Use of undeclared Var myapp.core/d[0m
  [36m41[0m  [36m[0m
  [36m42[0m  [36m(def pages[0m
  [36m43[0m  [36m  {:home #'home-page[0m
  [36m44[0m  [36m   :about #'about-page})[0m

[36m----  Compiler Warning : Please see src/cljs/myapp/core.cljs  ----[0m
[32mSuccessfully compiled "target/cljsbuild/public/js/app.js" in 0.797 seconds.[0m
notifying browser that file changed:  target/cljsbuild/public/js/out/myapp/core.js
[0mCompiling "target/cljsbuild/public/js/app.js" from ["src/cljs" "src/cljc" "env/dev/cljs"]...[0m
[32mSuccessfully compiled "target/cljsbuild/public/js/app.js" in 0.747 seconds.[0m
notifying browser that file changed:  target/cljsbuild/public/js/out/myapp/core.js
[0mCompiling "target/cljsbuild/public/js/app.js" from ["src/cljs" "src/cljc" "env/dev/cljs"]...[0m
[32mSuccessfully compiled "target/cljsbuild/public/js/app.js" in 0.545 seconds.[0m
notifying browser that file changed:  target/cljsbuild/public/js/out/myapp/core.js
[0mCompiling "target/cljsbuild/public/js/app.js" from ["src/cljs" "src/cljc" "env/dev/cljs"]...[0m
[32mSuccessfully compiled "target/cljsbuild/public/js/app.js" in 0.525 seconds.[0m
notifying browser that file changed:  target/cljsbuild/public/js/out/myapp/core.js
[0mCompiling "target/cljsbuild/public/js/app.js" from ["src/cljs" "src/cljc" "env/dev/cljs"]...[0m
[32mSuccessfully compiled "target/cljsbuild/public/js/app.js" in 0.532 seconds.[0m
notifying browser that file changed:  target/cljsbuild/public/js/out/cljs_deps.js
notifying browser that file changed:  target/cljsbuild/public/js/out/myapp/core.js
[0mCompiling "target/cljsbuild/public/js/app.js" from ["src/cljs" "src/cljc" "env/dev/cljs"]...[0m
[32mSuccessfully compiled "target/cljsbuild/public/js/app.js" in 0.449 seconds.[0m
notifying browser that file changed:  target/cljsbuild/public/js/out/myapp/core.js
[0mCompiling "target/cljsbuild/public/js/app.js" from ["src/cljs" "src/cljc" "env/dev/cljs"]...[0m
[36m----  Compiler Warning on   src/cljs/myapp/core.cljs   line:17  column:28  ----[0m

  [1mUse of undeclared Var myapp.core/counter[0m

  [36m14[0m  [36m(defn home-page [][0m
  [36m15[0m  [36m  [:div.container[0m
  [36m16[0m  [36m   (doall (map (fn [i][0m
  [33m17[0m  [1m                 ^{key i} [counter i])[0m
  [0m  [0m  [33m                           ^--- Use of undeclared Var myapp.core/counter[0m
  [36m18[0m  [36m               (range 10)))])[0m

[36m----  Compiler Warning : Please see src/cljs/myapp/core.cljs  ----[0m
[32mSuccessfully compiled "target/cljsbuild/public/js/app.js" in 0.53 seconds.[0m
notifying browser that file changed:  target/cljsbuild/public/js/out/myapp/core.js
[0mCompiling "target/cljsbuild/public/js/app.js" from ["src/cljs" "src/cljc" "env/dev/cljs"]...[0m
[32mSuccessfully compiled "target/cljsbuild/public/js/app.js" in 0.355 seconds.[0m
notifying browser that file changed:  target/cljsbuild/public/js/out/myapp/core.js
[0mCompiling "target/cljsbuild/public/js/app.js" from ["src/cljs" "src/cljc" "env/dev/cljs"]...[0m
[32mSuccessfully compiled "target/cljsbuild/public/js/app.js" in 0.372 seconds.[0m
notifying browser that file changed:  target/cljsbuild/public/js/out/myapp/core.js
[0mCompiling "target/cljsbuild/public/js/app.js" from ["src/cljs" "src/cljc" "env/dev/cljs"]...[0m
[32mSuccessfully compiled "target/cljsbuild/public/js/app.js" in 0.41 seconds.[0m
notifying browser that file changed:  target/cljsbuild/public/js/out/myapp/core.js
[0mCompiling "target/cljsbuild/public/js/app.js" from ["src/cljs" "src/cljc" "env/dev/cljs"]...[0m
[32mSuccessfully compiled "target/cljsbuild/public/js/app.js" in 0.344 seconds.[0m
notifying browser that file changed:  target/cljsbuild/public/js/out/myapp/core.js
[0mCompiling "target/cljsbuild/public/js/app.js" from ["src/cljs" "src/cljc" "env/dev/cljs"]...[0m
[32mSuccessfully compiled "target/cljsbuild/public/js/app.js" in 0.336 seconds.[0m
notifying browser that file changed:  target/cljsbuild/public/js/out/myapp/core.js
[0mCompiling "target/cljsbuild/public/js/app.js" from ["src/cljs" "src/cljc" "env/dev/cljs"]...[0m
[32mSuccessfully compiled "target/cljsbuild/public/js/app.js" in 0.341 seconds.[0m
notifying browser that file changed:  target/cljsbuild/public/js/out/myapp/core.js
[0mCompiling "target/cljsbuild/public/js/app.js" from ["src/cljs" "src/cljc" "env/dev/cljs"]...[0m
[32mSuccessfully compiled "target/cljsbuild/public/js/app.js" in 0.362 seconds.[0m
notifying browser that file changed:  target/cljsbuild/public/js/out/myapp/core.js
Notifying browser that CSS file changed: resources/public/css/screen.css
[0mCompiling "target/cljsbuild/public/js/app.js" from ["src/cljs" "src/cljc" "env/dev/cljs"]...[0m
[32mSuccessfully compiled "target/cljsbuild/public/js/app.js" in 0.386 seconds.[0m
notifying browser that file changed:  target/cljsbuild/public/js/out/myapp/core.js
Notifying browser that CSS file changed: resources/public/css/screen.css
Notifying browser that CSS file changed: resources/public/css/screen.css
Notifying browser that CSS file changed: resources/public/css/screen.css
Notifying browser that CSS file changed: resources/public/css/screen.css
Notifying browser that CSS file changed: resources/public/css/screen.css
[0mCompiling "target/cljsbuild/public/js/app.js" from ["src/cljs" "src/cljc" "env/dev/cljs"]...[0m
[32mSuccessfully compiled "target/cljsbuild/public/js/app.js" in 0.332 seconds.[0m
notifying browser that file changed:  target/cljsbuild/public/js/out/myapp/core.js
[0mCompiling "target/cljsbuild/public/js/app.js" from ["src/cljs" "src/cljc" "env/dev/cljs"]...[0m
[32mSuccessfully compiled "target/cljsbuild/public/js/app.js" in 0.409 seconds.[0m
notifying browser that file changed:  target/cljsbuild/public/js/out/myapp/core.js
[0mCompiling "target/cljsbuild/public/js/app.js" from ["src/cljs" "src/cljc" "env/dev/cljs"]...[0m
[32mSuccessfully compiled "target/cljsbuild/public/js/app.js" in 0.332 seconds.[0m
notifying browser that file changed:  target/cljsbuild/public/js/out/myapp/core.js
[0mCompiling "target/cljsbuild/public/js/app.js" from ["src/cljs" "src/cljc" "env/dev/cljs"]...[0m
[32mSuccessfully compiled "target/cljsbuild/public/js/app.js" in 0.355 seconds.[0m
notifying browser that file changed:  target/cljsbuild/public/js/out/myapp/core.js
[0mCompiling "target/cljsbuild/public/js/app.js" from ["src/cljs" "src/cljc" "env/dev/cljs"]...[0m
[32mSuccessfully compiled "target/cljsbuild/public/js/app.js" in 0.356 seconds.[0m
notifying browser that file changed:  target/cljsbuild/public/js/out/myapp/core.js
[0mCompiling "target/cljsbuild/public/js/app.js" from ["src/cljs" "src/cljc" "env/dev/cljs"]...[0m
[32mSuccessfully compiled "target/cljsbuild/public/js/app.js" in 0.338 seconds.[0m
notifying browser that file changed:  target/cljsbuild/public/js/out/myapp/core.js
[0mCompiling "target/cljsbuild/public/js/app.js" from ["src/cljs" "src/cljc" "env/dev/cljs"]...[0m
[32mSuccessfully compiled "target/cljsbuild/public/js/app.js" in 0.322 seconds.[0m
notifying browser that file changed:  target/cljsbuild/public/js/out/myapp/core.js
[0mCompiling "target/cljsbuild/public/js/app.js" from ["src/cljs" "src/cljc" "env/dev/cljs"]...[0m
[31mFailed to compile "target/cljsbuild/public/js/app.js" in 0.196 seconds.[0m
[36m----  Could not Read  src/cljs/myapp/core.cljs   line:22 ----[0m

  [1m/home/bhavesh/tech-team/cljs_projs/bhavesh/css/myapp/src/cljs/myapp/core.cljs [line 22, col 17] The map literal starting with :src on line 22 column 10 contains 1 form(s). Map literals must contain an even number of forms.[0m

  [36m20[0m  [36m[:div.col-md-12.col.xs-6[0m
  [36m21[0m  [36m [:h2 "col3"]][0m
  [33m22[0m  [1m[:img {:src }]])[0m
  [0m  [0m  [33m/home/bhavesh/tech-team/cljs_projs/bhavesh/css/myapp/src/cljs/myapp/core.cljs [line 22, col 17] The map literal starting with :src on line 22 column 10 contains 1 form(s). Map literals must contain an even number of forms.[0m

[36m----  Reader Error : Please see src/cljs/myapp/core.cljs  ----[0m
Notifying browser that CSS file changed: resources/public/css/screen.css
[0mCompiling "target/cljsbuild/public/js/app.js" from ["src/cljs" "src/cljc" "env/dev/cljs"]...[0m
[32mSuccessfully compiled "target/cljsbuild/public/js/app.js" in 1.092 seconds.[0m
notifying browser that file changed:  target/cljsbuild/public/js/out/goog/deps.js
notifying browser that file changed:  target/cljsbuild/public/js/out/cljs_deps.js
notifying browser that file changed:  target/cljsbuild/public/js/out/myapp/core.js
[0mCompiling "target/cljsbuild/public/js/app.js" from ["src/cljs" "src/cljc" "env/dev/cljs"]...[0m
[32mSuccessfully compiled "target/cljsbuild/public/js/app.js" in 0.769 seconds.[0m
notifying browser that file changed:  target/cljsbuild/public/js/out/myapp/core.js
[0mCompiling "target/cljsbuild/public/js/app.js" from ["src/cljs" "src/cljc" "env/dev/cljs"]...[0m
[32mSuccessfully compiled "target/cljsbuild/public/js/app.js" in 0.565 seconds.[0m
notifying browser that file changed:  target/cljsbuild/public/js/out/myapp/core.js
[0mCompiling "target/cljsbuild/public/js/app.js" from ["src/cljs" "src/cljc" "env/dev/cljs"]...[0m
[32mSuccessfully compiled "target/cljsbuild/public/js/app.js" in 0.568 seconds.[0m
notifying browser that file changed:  target/cljsbuild/public/js/out/myapp/core.js
[0mCompiling "target/cljsbuild/public/js/app.js" from ["src/cljs" "src/cljc" "env/dev/cljs"]...[0m
[32mSuccessfully compiled "target/cljsbuild/public/js/app.js" in 0.515 seconds.[0m
notifying browser that file changed:  target/cljsbuild/public/js/out/myapp/core.js
[0mCompiling "target/cljsbuild/public/js/app.js" from ["src/cljs" "src/cljc" "env/dev/cljs"]...[0m
[32mSuccessfully compiled "target/cljsbuild/public/js/app.js" in 0.522 seconds.[0m
notifying browser that file changed:  target/cljsbuild/public/js/out/myapp/core.js
[0mCompiling "target/cljsbuild/public/js/app.js" from ["src/cljs" "src/cljc" "env/dev/cljs"]...[0m
[32mSuccessfully compiled "target/cljsbuild/public/js/app.js" in 0.549 seconds.[0m
notifying browser that file changed:  target/cljsbuild/public/js/out/myapp/core.js
[0mCompiling "target/cljsbuild/public/js/app.js" from ["src/cljs" "src/cljc" "env/dev/cljs"]...[0m
[32mSuccessfully compiled "target/cljsbuild/public/js/app.js" in 0.477 seconds.[0m
notifying browser that file changed:  target/cljsbuild/public/js/out/myapp/core.js
[0mCompiling "target/cljsbuild/public/js/app.js" from ["src/cljs" "src/cljc" "env/dev/cljs"]...[0m
[32mSuccessfully compiled "target/cljsbuild/public/js/app.js" in 0.545 seconds.[0m
notifying browser that file changed:  target/cljsbuild/public/js/out/myapp/core.js
[0mCompiling "target/cljsbuild/public/js/app.js" from ["src/cljs" "src/cljc" "env/dev/cljs"]...[0m
[32mSuccessfully compiled "target/cljsbuild/public/js/app.js" in 0.484 seconds.[0m
notifying browser that file changed:  target/cljsbuild/public/js/out/myapp/core.js
[0mCompiling "target/cljsbuild/public/js/app.js" from ["src/cljs" "src/cljc" "env/dev/cljs"]...[0m
[32mSuccessfully compiled "target/cljsbuild/public/js/app.js" in 0.476 seconds.[0m
notifying browser that file changed:  target/cljsbuild/public/js/out/myapp/core.js
[0mCompiling "target/cljsbuild/public/js/app.js" from ["src/cljs" "src/cljc" "env/dev/cljs"]...[0m
[32mSuccessfully compiled "target/cljsbuild/public/js/app.js" in 0.445 seconds.[0m
notifying browser that file changed:  target/cljsbuild/public/js/out/myapp/core.js
[0mCompiling "target/cljsbuild/public/js/app.js" from ["src/cljs" "src/cljc" "env/dev/cljs"]...[0m
[32mSuccessfully compiled "target/cljsbuild/public/js/app.js" in 0.469 seconds.[0m
notifying browser that file changed:  target/cljsbuild/public/js/out/myapp/core.js
[0mCompiling "target/cljsbuild/public/js/app.js" from ["src/cljs" "src/cljc" "env/dev/cljs"]...[0m
[31mFailed to compile "target/cljsbuild/public/js/app.js" in 0.251 seconds.[0m
[36m----  Could not Compile  src/cljs/myapp/core.cljs  ----[0m

  [1mfailed compiling file:src/cljs/myapp/core.cljs[0m

[36m----  Compiler Error : Please see src/cljs/myapp/core.cljs  ----[0m
[0mCompiling "target/cljsbuild/public/js/app.js" from ["src/cljs" "src/cljc" "env/dev/cljs"]...[0m
[32mSuccessfully compiled "target/cljsbuild/public/js/app.js" in 0.415 seconds.[0m
notifying browser that file changed:  target/cljsbuild/public/js/out/myapp/core.js
[0mCompiling "target/cljsbuild/public/js/app.js" from ["src/cljs" "src/cljc" "env/dev/cljs"]...[0m
[32mSuccessfully compiled "target/cljsbuild/public/js/app.js" in 0.382 seconds.[0m
notifying browser that file changed:  target/cljsbuild/public/js/out/myapp/core.js
[0mCompiling "target/cljsbuild/public/js/app.js" from ["src/cljs" "src/cljc" "env/dev/cljs"]...[0m
[32mSuccessfully compiled "target/cljsbuild/public/js/app.js" in 0.571 seconds.[0m
notifying browser that file changed:  target/cljsbuild/public/js/out/myapp/core.js
[0mCompiling "target/cljsbuild/public/js/app.js" from ["src/cljs" "src/cljc" "env/dev/cljs"]...[0m
[32mSuccessfully compiled "target/cljsbuild/public/js/app.js" in 0.386 seconds.[0m
notifying browser that file changed:  target/cljsbuild/public/js/out/myapp/core.js
[0mCompiling "target/cljsbuild/public/js/app.js" from ["src/cljs" "src/cljc" "env/dev/cljs"]...[0m
[32mSuccessfully compiled "target/cljsbuild/public/js/app.js" in 0.447 seconds.[0m
notifying browser that file changed:  target/cljsbuild/public/js/out/myapp/core.js
[0mCompiling "target/cljsbuild/public/js/app.js" from ["src/cljs" "src/cljc" "env/dev/cljs"]...[0m
[32mSuccessfully compiled "target/cljsbuild/public/js/app.js" in 0.458 seconds.[0m
notifying browser that file changed:  target/cljsbuild/public/js/out/myapp/core.js
[0mCompiling "target/cljsbuild/public/js/app.js" from ["src/cljs" "src/cljc" "env/dev/cljs"]...[0m
[32mSuccessfully compiled "target/cljsbuild/public/js/app.js" in 0.417 seconds.[0m
notifying browser that file changed:  target/cljsbuild/public/js/out/myapp/core.js
[0mCompiling "target/cljsbuild/public/js/app.js" from ["src/cljs" "src/cljc" "env/dev/cljs"]...[0m
[32mSuccessfully compiled "target/cljsbuild/public/js/app.js" in 0.426 seconds.[0m
notifying browser that file changed:  target/cljsbuild/public/js/out/myapp/core.js
[0mCompiling "target/cljsbuild/public/js/app.js" from ["src/cljs" "src/cljc" "env/dev/cljs"]...[0m
[32mSuccessfully compiled "target/cljsbuild/public/js/app.js" in 0.451 seconds.[0m
notifying browser that file changed:  target/cljsbuild/public/js/out/myapp/core.js
[0mCompiling "target/cljsbuild/public/js/app.js" from ["src/cljs" "src/cljc" "env/dev/cljs"]...[0m
[31mFailed to compile "target/cljsbuild/public/js/app.js" in 0.229 seconds.[0m
[36m----  Could not Compile  src/cljs/myapp/core.cljs  ----[0m

  [1mfailed compiling file:src/cljs/myapp/core.cljs[0m

[36m----  Compiler Error : Please see src/cljs/myapp/core.cljs  ----[0m
[0mCompiling "target/cljsbuild/public/js/app.js" from ["src/cljs" "src/cljc" "env/dev/cljs"]...[0m
[32mSuccessfully compiled "target/cljsbuild/public/js/app.js" in 0.418 seconds.[0m
notifying browser that file changed:  target/cljsbuild/public/js/out/myapp/core.js
[0mCompiling "target/cljsbuild/public/js/app.js" from ["src/cljs" "src/cljc" "env/dev/cljs"]...[0m
[32mSuccessfully compiled "target/cljsbuild/public/js/app.js" in 0.336 seconds.[0m
notifying browser that file changed:  target/cljsbuild/public/js/out/myapp/core.js
[0mCompiling "target/cljsbuild/public/js/app.js" from ["src/cljs" "src/cljc" "env/dev/cljs"]...[0m
[32mSuccessfully compiled "target/cljsbuild/public/js/app.js" in 0.437 seconds.[0m
notifying browser that file changed:  target/cljsbuild/public/js/out/myapp/core.js
[0mCompiling "target/cljsbuild/public/js/app.js" from ["src/cljs" "src/cljc" "env/dev/cljs"]...[0m
[32mSuccessfully compiled "target/cljsbuild/public/js/app.js" in 0.411 seconds.[0m
notifying browser that file changed:  target/cljsbuild/public/js/out/myapp/core.js
[0mCompiling "target/cljsbuild/public/js/app.js" from ["src/cljs" "src/cljc" "env/dev/cljs"]...[0m
[32mSuccessfully compiled "target/cljsbuild/public/js/app.js" in 0.383 seconds.[0m
notifying browser that file changed:  target/cljsbuild/public/js/out/myapp/core.js
Notifying browser that CSS file changed: resources/public/css/screen.css
Notifying browser that CSS file changed: resources/public/css/screen.css
Notifying browser that CSS file changed: resources/public/css/screen.css
Notifying browser that CSS file changed: resources/public/css/screen.css
Notifying browser that CSS file changed: resources/public/css/screen.css
Notifying browser that CSS file changed: resources/public/css/screen.css
Notifying browser that CSS file changed: resources/public/css/screen.css
Notifying browser that CSS file changed: resources/public/css/screen.css
Notifying browser that CSS file changed: resources/public/css/screen.css
Notifying browser that CSS file changed: resources/public/css/screen.css
Notifying browser that CSS file changed: resources/public/css/screen.css
Notifying browser that CSS file changed: resources/public/css/screen.css
Notifying browser that CSS file changed: resources/public/css/screen.css
Notifying browser that CSS file changed: resources/public/css/screen.css
Notifying browser that CSS file changed: resources/public/css/screen.css
Notifying browser that CSS file changed: resources/public/css/screen.css
Notifying browser that CSS file changed: resources/public/css/screen.css
Notifying browser that CSS file changed: resources/public/css/screen.css
Notifying browser that CSS file changed: resources/public/css/screen.css
Notifying browser that CSS file changed: resources/public/css/screen.css
Notifying browser that CSS file changed: resources/public/css/screen.css
Notifying browser that CSS file changed: resources/public/css/screen.css
Notifying browser that CSS file changed: resources/public/css/screen.css
Notifying browser that CSS file changed: resources/public/css/screen.css
Notifying browser that CSS file changed: resources/public/css/screen.css
Notifying browser that CSS file changed: resources/public/css/screen.css
