[0mCompiling "target/cljsbuild/public/js/app.js" from ["src/cljs" "src/cljc" "env/dev/cljs"]...[0m
[32mSuccessfully compiled "target/cljsbuild/public/js/app.js" in 0.711 seconds.[0m
notifying browser that file changed:  target/cljsbuild/public/js/out/goog/deps.js
notifying browser that file changed:  target/cljsbuild/public/js/out/cljs_deps.js
notifying browser that file changed:  target/cljsbuild/public/js/out/myapp_reframe/core.js
[0mCompiling "target/cljsbuild/public/js/app.js" from ["src/cljs" "src/cljc" "env/dev/cljs"]...[0m
[36m----  Compiler Warning on   src/cljs/myapp_reframe/core.cljs   line:74  column:2  ----[0m

  [1mUse of undeclared Var secretary.core/defrout[0m

  [36m71[0m  [36m(secretary/defroute "/about" [][0m
  [36m72[0m  [36m  (rf/dispatch [:set-active-page :about]))[0m
  [36m73[0m  [36m[0m
  [33m74[0m  [1m(secretary/defrout "/counter" [][0m
  [0m  [0m  [33m ^--- Use of undeclared Var secretary.core/defrout[0m
  [36m75[0m  [36m  (rf/dispatch [:set-active-page :counter]))[0m
  [36m76[0m  [36m;; -------------------------[0m
  [36m77[0m  [36m;; History[0m
  [36m78[0m  [36m;; must be called after routes have been defined[0m
  [36m79[0m  [36m(defn hook-browser-navigation! [][0m

[36m----  Compiler Warning : Please see src/cljs/myapp_reframe/core.cljs  ----[0m
[32mSuccessfully compiled "target/cljsbuild/public/js/app.js" in 0.796 seconds.[0m
notifying browser that file changed:  target/cljsbuild/public/js/out/myapp_reframe/core.js
[0mCompiling "target/cljsbuild/public/js/app.js" from ["src/cljs" "src/cljc" "env/dev/cljs"]...[0m
[32mSuccessfully compiled "target/cljsbuild/public/js/app.js" in 0.708 seconds.[0m
notifying browser that file changed:  target/cljsbuild/public/js/out/myapp_reframe/core.js
[0mCompiling "target/cljsbuild/public/js/app.js" from ["src/cljs" "src/cljc" "env/dev/cljs"]...[0m
[32mSuccessfully compiled "target/cljsbuild/public/js/app.js" in 0.534 seconds.[0m
notifying browser that file changed:  target/cljsbuild/public/js/out/myapp_reframe/core.js
[0mCompiling "target/cljsbuild/public/js/app.js" from ["src/cljs" "src/cljc" "env/dev/cljs"]...[0m
[32mSuccessfully compiled "target/cljsbuild/public/js/app.js" in 0.566 seconds.[0m
notifying browser that file changed:  target/cljsbuild/public/js/out/myapp_reframe/core.js
[0mCompiling "target/cljsbuild/public/js/app.js" from ["src/cljs" "src/cljc" "env/dev/cljs"]...[0m
[32mSuccessfully compiled "target/cljsbuild/public/js/app.js" in 0.564 seconds.[0m
notifying browser that file changed:  target/cljsbuild/public/js/out/myapp_reframe/handlers.js
[0mCompiling "target/cljsbuild/public/js/app.js" from ["src/cljs" "src/cljc" "env/dev/cljs"]...[0m
[32mSuccessfully compiled "target/cljsbuild/public/js/app.js" in 0.621 seconds.[0m
notifying browser that file changed:  target/cljsbuild/public/js/out/myapp_reframe/core.js
[0mCompiling "target/cljsbuild/public/js/app.js" from ["src/cljs" "src/cljc" "env/dev/cljs"]...[0m
[32mSuccessfully compiled "target/cljsbuild/public/js/app.js" in 0.517 seconds.[0m
notifying browser that file changed:  target/cljsbuild/public/js/out/myapp_reframe/db.js
[0mCompiling "target/cljsbuild/public/js/app.js" from ["src/cljs" "src/cljc" "env/dev/cljs"]...[0m
[32mSuccessfully compiled "target/cljsbuild/public/js/app.js" in 0.529 seconds.[0m
notifying browser that file changed:  target/cljsbuild/public/js/out/myapp_reframe/db.js
[0mCompiling "target/cljsbuild/public/js/app.js" from ["src/cljs" "src/cljc" "env/dev/cljs"]...[0m
[32mSuccessfully compiled "target/cljsbuild/public/js/app.js" in 0.514 seconds.[0m
notifying browser that file changed:  target/cljsbuild/public/js/out/myapp_reframe/subscriptions.js
[0mCompiling "target/cljsbuild/public/js/app.js" from ["src/cljs" "src/cljc" "env/dev/cljs"]...[0m
[32mSuccessfully compiled "target/cljsbuild/public/js/app.js" in 0.541 seconds.[0m
notifying browser that file changed:  target/cljsbuild/public/js/out/myapp_reframe/core.js
[0mCompiling "target/cljsbuild/public/js/app.js" from ["src/cljs" "src/cljc" "env/dev/cljs"]...[0m
[32mSuccessfully compiled "target/cljsbuild/public/js/app.js" in 0.508 seconds.[0m
notifying browser that file changed:  target/cljsbuild/public/js/out/myapp_reframe/handlers.js
[0mCompiling "target/cljsbuild/public/js/app.js" from ["src/cljs" "src/cljc" "env/dev/cljs"]...[0m
[32mSuccessfully compiled "target/cljsbuild/public/js/app.js" in 0.51 seconds.[0m
notifying browser that file changed:  target/cljsbuild/public/js/out/myapp_reframe/handlers.js
[0mCompiling "target/cljsbuild/public/js/app.js" from ["src/cljs" "src/cljc" "env/dev/cljs"]...[0m
[32mSuccessfully compiled "target/cljsbuild/public/js/app.js" in 0.504 seconds.[0m
notifying browser that file changed:  target/cljsbuild/public/js/out/myapp_reframe/db.js
[0mCompiling "target/cljsbuild/public/js/app.js" from ["src/cljs" "src/cljc" "env/dev/cljs"]...[0m
[36m----  Compiler Warning on   src/cljs/myapp_reframe/handlers.cljs   line:25  column:2  ----[0m

  [1mUse of undeclared Var myapp-reframe.handlers/reg-even-db[0m

  [36m21[0m  [36m :inc-count[0m
  [36m22[0m  [36m (fn [db _][0m
  [36m23[0m  [36m   (or (update db :count inc) 0)))[0m
  [36m24[0m  [36m[0m
  [33m25[0m  [1m(reg-even-db[0m
  [0m  [0m  [33m ^--- Use of undeclared Var myapp-reframe.handlers/reg-even-db[0m
  [36m26[0m  [36m :reset-count[0m
  [36m27[0m  [36m (fn [db _][0m
  [36m28[0m  [36m   (assoc db :count 0)))[0m

[36m----  Compiler Warning : Please see src/cljs/myapp_reframe/handlers.cljs  ----[0m
[32mSuccessfully compiled "target/cljsbuild/public/js/app.js" in 0.615 seconds.[0m
notifying browser that file changed:  target/cljsbuild/public/js/out/myapp_reframe/handlers.js
[0mCompiling "target/cljsbuild/public/js/app.js" from ["src/cljs" "src/cljc" "env/dev/cljs"]...[0m
[32mSuccessfully compiled "target/cljsbuild/public/js/app.js" in 0.575 seconds.[0m
notifying browser that file changed:  target/cljsbuild/public/js/out/myapp_reframe/handlers.js
[0mCompiling "target/cljsbuild/public/js/app.js" from ["src/cljs" "src/cljc" "env/dev/cljs"]...[0m
[32mSuccessfully compiled "target/cljsbuild/public/js/app.js" in 0.515 seconds.[0m
notifying browser that file changed:  target/cljsbuild/public/js/out/myapp_reframe/core.js
[0mCompiling "target/cljsbuild/public/js/app.js" from ["src/cljs" "src/cljc" "env/dev/cljs"]...[0m
[32mSuccessfully compiled "target/cljsbuild/public/js/app.js" in 0.526 seconds.[0m
notifying browser that file changed:  target/cljsbuild/public/js/out/myapp_reframe/core.js
[0mCompiling "target/cljsbuild/public/js/app.js" from ["src/cljs" "src/cljc" "env/dev/cljs"]...[0m
[32mSuccessfully compiled "target/cljsbuild/public/js/app.js" in 0.481 seconds.[0m
notifying browser that file changed:  target/cljsbuild/public/js/out/myapp_reframe/core.js
[0mCompiling "target/cljsbuild/public/js/app.js" from ["src/cljs" "src/cljc" "env/dev/cljs"]...[0m
[32mSuccessfully compiled "target/cljsbuild/public/js/app.js" in 0.479 seconds.[0m
notifying browser that file changed:  target/cljsbuild/public/js/out/myapp_reframe/core.js
[0mCompiling "target/cljsbuild/public/js/app.js" from ["src/cljs" "src/cljc" "env/dev/cljs"]...[0m
[32mSuccessfully compiled "target/cljsbuild/public/js/app.js" in 0.48 seconds.[0m
notifying browser that file changed:  target/cljsbuild/public/js/out/myapp_reframe/core.js
[0mCompiling "target/cljsbuild/public/js/app.js" from ["src/cljs" "src/cljc" "env/dev/cljs"]...[0m
[32mSuccessfully compiled "target/cljsbuild/public/js/app.js" in 0.5 seconds.[0m
notifying browser that file changed:  target/cljsbuild/public/js/out/myapp_reframe/core.js
[0mCompiling "target/cljsbuild/public/js/app.js" from ["src/cljs" "src/cljc" "env/dev/cljs"]...[0m
[32mSuccessfully compiled "target/cljsbuild/public/js/app.js" in 0.486 seconds.[0m
notifying browser that file changed:  target/cljsbuild/public/js/out/myapp_reframe/core.js
[0mCompiling "target/cljsbuild/public/js/app.js" from ["src/cljs" "src/cljc" "env/dev/cljs"]...[0m
[32mSuccessfully compiled "target/cljsbuild/public/js/app.js" in 0.479 seconds.[0m
notifying browser that file changed:  target/cljsbuild/public/js/out/myapp_reframe/core.js
[0mCompiling "target/cljsbuild/public/js/app.js" from ["src/cljs" "src/cljc" "env/dev/cljs"]...[0m
[36m----  Compiler Warning on   src/cljs/myapp_reframe/core.cljs   line:55  column:19  ----[0m

  [1mUse of undeclared Var myapp-reframe.core/server[0m

  [36m51[0m  [36m(defn login-handler[0m
  [36m52[0m  [36m  [flag][0m
  [36m53[0m  [36m  (if flag[0m
  [36m54[0m  [36m    (do (secretary/dispatch! "/user")[0m
  [33m55[0m  [1m        (GET (str server "tasks")[0m
  [0m  [0m  [33m                  ^--- Use of undeclared Var myapp-reframe.core/server[0m
  [36m56[0m  [36m             {:params {:user @(rf/subscribe [:user])}[0m
  [36m57[0m  [36m              :format :json[0m
  [36m58[0m  [36m              :response-format :json[0m
  [36m59[0m  [36m              :keywords? true[0m
  [36m60[0m  [36m              :handler #(rf/dispatch [:update-task %])[0m

[36m----  Compiler Warning : Please see src/cljs/myapp_reframe/core.cljs  ----[0m
[36m----  Compiler Warning on   src/cljs/myapp_reframe/core.cljs   line:61  column:30  ----[0m

  [1mUse of undeclared Var myapp-reframe.core/error-handler[0m

  [36m57[0m  [36m              :format :json[0m
  [36m58[0m  [36m              :response-format :json[0m
  [36m59[0m  [36m              :keywords? true[0m
  [36m60[0m  [36m              :handler #(rf/dispatch [:update-task %])[0m
  [33m61[0m  [1m              :error-handler error-handler}))))[0m
  [0m  [0m  [33m                             ^--- Use of undeclared Var myapp-reframe.core/error-handler[0m
  [36m62[0m  [36m[0m
  [36m63[0m  [36m[0m
  [36m64[0m  [36m(defn home-page [][0m
  [36m65[0m  [36m  [:div[0m
  [36m66[0m  [36m   [:h2 "Login Page"][0m

[36m----  Compiler Warning : Please see src/cljs/myapp_reframe/core.cljs  ----[0m
[36m----  Compiler Warning on   src/cljs/myapp_reframe/core.cljs   line:69  column:37  ----[0m

  [1mUse of undeclared Var myapp-reframe.core/get-by-id[0m

  [36m65[0m  [36m[:div[0m
  [36m66[0m  [36m [:h2 "Login Page"][0m
  [36m67[0m  [36m [:form {:action "#" :method "get"[0m
  [36m68[0m  [36m         :on-submit (fn [e][0m
  [33m69[0m  [1m                      (let [user (get-by-id "user")[0m
  [0m  [0m  [33m                                  ^--- Use of undeclared Var myapp-reframe.core/get-by-id[0m
  [36m70[0m  [36m                            pass (get-by-id "pass")][0m
  [36m71[0m  [36m                        (rf/dispatch [:set-user user])[0m
  [36m72[0m  [36m                        (GET (str server "user")[0m
  [36m73[0m  [36m                             {:params {:user user[0m
  [36m74[0m  [36m                                       :password pass}[0m

[36m----  Compiler Warning : Please see src/cljs/myapp_reframe/core.cljs  ----[0m
[36m----  Compiler Warning on   src/cljs/myapp_reframe/core.cljs   line:70  column:37  ----[0m

  [1mUse of undeclared Var myapp-reframe.core/get-by-id[0m

  [36m66[0m  [36m[:h2 "Login Page"][0m
  [36m67[0m  [36m[:form {:action "#" :method "get"[0m
  [36m68[0m  [36m        :on-submit (fn [e][0m
  [36m69[0m  [36m                     (let [user (get-by-id "user")[0m
  [33m70[0m  [1m                           pass (get-by-id "pass")][0m
  [0m  [0m  [33m                                 ^--- Use of undeclared Var myapp-reframe.core/get-by-id[0m
  [36m71[0m  [36m                       (rf/dispatch [:set-user user])[0m
  [36m72[0m  [36m                       (GET (str server "user")[0m
  [36m73[0m  [36m                            {:params {:user user[0m
  [36m74[0m  [36m                                      :password pass}[0m
  [36m75[0m  [36m                             :format :json[0m

[36m----  Compiler Warning : Please see src/cljs/myapp_reframe/core.cljs  ----[0m
[36m----  Compiler Warning on   src/cljs/myapp_reframe/core.cljs   line:72  column:37  ----[0m

  [1mUse of undeclared Var myapp-reframe.core/server[0m

  [36m68[0m  [36m:on-submit (fn [e][0m
  [36m69[0m  [36m             (let [user (get-by-id "user")[0m
  [36m70[0m  [36m                   pass (get-by-id "pass")][0m
  [36m71[0m  [36m               (rf/dispatch [:set-user user])[0m
  [33m72[0m  [1m               (GET (str server "user")[0m
  [0m  [0m  [33m                         ^--- Use of undeclared Var myapp-reframe.core/server[0m
  [36m73[0m  [36m                    {:params {:user user[0m
  [36m74[0m  [36m                              :password pass}[0m
  [36m75[0m  [36m                     :format :json[0m
  [36m76[0m  [36m                     :response-format :json[0m
  [36m77[0m  [36m                     :keywords? true[0m

[36m----  Compiler Warning : Please see src/cljs/myapp_reframe/core.cljs  ----[0m
[36m----  Compiler Warning on   src/cljs/myapp_reframe/core.cljs   line:79  column:48  ----[0m

  [1mUse of undeclared Var myapp-reframe.core/login-error[0m

  [36m75[0m  [36m                                :format :json[0m
  [36m76[0m  [36m                                :response-format :json[0m
  [36m77[0m  [36m                                :keywords? true[0m
  [36m78[0m  [36m                                :handler login-handler[0m
  [33m79[0m  [1m                                :error-handler login-error})))}[0m
  [0m  [0m  [33m                                               ^--- Use of undeclared Var myapp-reframe.core/login-error[0m
  [36m80[0m  [36m    [:div [:input {:type "text" :id "user"}]][0m
  [36m81[0m  [36m    [:div [:input {:type "text" :id "pass"}]][0m
  [36m82[0m  [36m    [:div [:input {:type "submit" :value "Login"}]]]])[0m
  [36m83[0m  [36m[0m
  [36m84[0m  [36m(def pages[0m

[36m----  Compiler Warning : Please see src/cljs/myapp_reframe/core.cljs  ----[0m
[32mSuccessfully compiled "target/cljsbuild/public/js/app.js" in 0.626 seconds.[0m
notifying browser that file changed:  target/cljsbuild/public/js/out/myapp_reframe/core.js
[0mCompiling "target/cljsbuild/public/js/app.js" from ["src/cljs" "src/cljc" "env/dev/cljs"]...[0m
[36m----  Compiler Warning on   src/cljs/myapp_reframe/core.cljs   line:64  column:38  ----[0m

  [1mUse of undeclared Var myapp-reframe.core/q[0m

  [36m61[0m  [36m(defn login-handler[0m
  [36m62[0m  [36m  [flag][0m
  [36m63[0m  [36m  (if flag[0m
  [33m64[0m  [1m    (do (secretary/dispatch! "/user")q[0m
  [0m  [0m  [33m                                     ^--- Use of undeclared Var myapp-reframe.core/q[0m
  [36m65[0m  [36m        (GET (str server "tasks")[0m
  [36m66[0m  [36m             {:params {:user @(rf/subscribe [:user])}[0m
  [36m67[0m  [36m              :format :json[0m
  [36m68[0m  [36m              :response-format :json[0m
  [36m69[0m  [36m              :keywords? true[0m

[36m----  Compiler Warning : Please see src/cljs/myapp_reframe/core.cljs  ----[0m
[36m----  Compiler Warning on   src/cljs/myapp_reframe/core.cljs   line:89  column:48  ----[0m

  [1mUse of undeclared Var myapp-reframe.core/login-error[0m

  [36m85[0m  [36m                                :format :json[0m
  [36m86[0m  [36m                                :response-format :json[0m
  [36m87[0m  [36m                                :keywords? true[0m
  [36m88[0m  [36m                                :handler login-handler[0m
  [33m89[0m  [1m                                :error-handler login-error})))}[0m
  [0m  [0m  [33m                                               ^--- Use of undeclared Var myapp-reframe.core/login-error[0m
  [36m90[0m  [36m    [:div [:input {:type "text" :id "user"}]][0m
  [36m91[0m  [36m    [:div [:input {:type "text" :id "pass"}]][0m
  [36m92[0m  [36m    [:div [:input {:type "submit" :value "Login"}]]]])[0m
  [36m93[0m  [36m[0m
  [36m94[0m  [36m(def pages[0m

[36m----  Compiler Warning : Please see src/cljs/myapp_reframe/core.cljs  ----[0m
[32mSuccessfully compiled "target/cljsbuild/public/js/app.js" in 0.519 seconds.[0m
notifying browser that file changed:  target/cljsbuild/public/js/out/myapp_reframe/core.js
[0mCompiling "target/cljsbuild/public/js/app.js" from ["src/cljs" "src/cljc" "env/dev/cljs"]...[0m
[36m----  Compiler Warning on   src/cljs/myapp_reframe/core.cljs   line:89  column:48  ----[0m

  [1mUse of undeclared Var myapp-reframe.core/login-error[0m

  [36m85[0m  [36m                                :format :json[0m
  [36m86[0m  [36m                                :response-format :json[0m
  [36m87[0m  [36m                                :keywords? true[0m
  [36m88[0m  [36m                                :handler login-handler[0m
  [33m89[0m  [1m                                :error-handler login-error})))}[0m
  [0m  [0m  [33m                                               ^--- Use of undeclared Var myapp-reframe.core/login-error[0m
  [36m90[0m  [36m    [:div [:input {:type "text" :id "user"}]][0m
  [36m91[0m  [36m    [:div [:input {:type "text" :id "pass"}]][0m
  [36m92[0m  [36m    [:div [:input {:type "submit" :value "Login"}]]]])[0m
  [36m93[0m  [36m[0m
  [36m94[0m  [36m(def pages[0m

[36m----  Compiler Warning : Please see src/cljs/myapp_reframe/core.cljs  ----[0m
[32mSuccessfully compiled "target/cljsbuild/public/js/app.js" in 0.504 seconds.[0m
notifying browser that file changed:  target/cljsbuild/public/js/out/myapp_reframe/core.js
[0mCompiling "target/cljsbuild/public/js/app.js" from ["src/cljs" "src/cljc" "env/dev/cljs"]...[0m
[32mSuccessfully compiled "target/cljsbuild/public/js/app.js" in 0.485 seconds.[0m
notifying browser that file changed:  target/cljsbuild/public/js/out/myapp_reframe/core.js
Notifying browser that CSS file changed: resources/public/css/screen.css
Notifying browser that CSS file changed: resources/public/css/screen.css
[0mCompiling "target/cljsbuild/public/js/app.js" from ["src/cljs" "src/cljc" "env/dev/cljs"]...[0m
[32mSuccessfully compiled "target/cljsbuild/public/js/app.js" in 0.527 seconds.[0m
notifying browser that file changed:  target/cljsbuild/public/js/out/myapp_reframe/core.js
[0mCompiling "target/cljsbuild/public/js/app.js" from ["src/cljs" "src/cljc" "env/dev/cljs"]...[0m
[32mSuccessfully compiled "target/cljsbuild/public/js/app.js" in 0.476 seconds.[0m
notifying browser that file changed:  target/cljsbuild/public/js/out/myapp_reframe/core.js
[0mCompiling "target/cljsbuild/public/js/app.js" from ["src/cljs" "src/cljc" "env/dev/cljs"]...[0m
[32mSuccessfully compiled "target/cljsbuild/public/js/app.js" in 0.478 seconds.[0m
notifying browser that file changed:  target/cljsbuild/public/js/out/myapp_reframe/core.js
[0mCompiling "target/cljsbuild/public/js/app.js" from ["src/cljs" "src/cljc" "env/dev/cljs"]...[0m
[32mSuccessfully compiled "target/cljsbuild/public/js/app.js" in 0.454 seconds.[0m
notifying browser that file changed:  target/cljsbuild/public/js/out/myapp_reframe/core.js
[0mCompiling "target/cljsbuild/public/js/app.js" from ["src/cljs" "src/cljc" "env/dev/cljs"]...[0m
[32mSuccessfully compiled "target/cljsbuild/public/js/app.js" in 0.463 seconds.[0m
notifying browser that file changed:  target/cljsbuild/public/js/out/myapp_reframe/core.js
[0mCompiling "target/cljsbuild/public/js/app.js" from ["src/cljs" "src/cljc" "env/dev/cljs"]...[0m
[32mSuccessfully compiled "target/cljsbuild/public/js/app.js" in 0.539 seconds.[0m
notifying browser that file changed:  target/cljsbuild/public/js/out/myapp_reframe/core.js
[0mCompiling "target/cljsbuild/public/js/app.js" from ["src/cljs" "src/cljc" "env/dev/cljs"]...[0m
[32mSuccessfully compiled "target/cljsbuild/public/js/app.js" in 0.46 seconds.[0m
notifying browser that file changed:  target/cljsbuild/public/js/out/myapp_reframe/core.js
[0mCompiling "target/cljsbuild/public/js/app.js" from ["src/cljs" "src/cljc" "env/dev/cljs"]...[0m
[32mSuccessfully compiled "target/cljsbuild/public/js/app.js" in 0.452 seconds.[0m
notifying browser that file changed:  target/cljsbuild/public/js/out/myapp_reframe/core.js
[0mCompiling "target/cljsbuild/public/js/app.js" from ["src/cljs" "src/cljc" "env/dev/cljs"]...[0m
[32mSuccessfully compiled "target/cljsbuild/public/js/app.js" in 0.475 seconds.[0m
notifying browser that file changed:  target/cljsbuild/public/js/out/myapp_reframe/core.js
[0mCompiling "target/cljsbuild/public/js/app.js" from ["src/cljs" "src/cljc" "env/dev/cljs"]...[0m
[32mSuccessfully compiled "target/cljsbuild/public/js/app.js" in 0.518 seconds.[0m
notifying browser that file changed:  target/cljsbuild/public/js/out/myapp_reframe/core.js
[0mCompiling "target/cljsbuild/public/js/app.js" from ["src/cljs" "src/cljc" "env/dev/cljs"]...[0m
[32mSuccessfully compiled "target/cljsbuild/public/js/app.js" in 0.465 seconds.[0m
notifying browser that file changed:  target/cljsbuild/public/js/out/myapp_reframe/core.js
[0mCompiling "target/cljsbuild/public/js/app.js" from ["src/cljs" "src/cljc" "env/dev/cljs"]...[0m
[32mSuccessfully compiled "target/cljsbuild/public/js/app.js" in 0.485 seconds.[0m
notifying browser that file changed:  target/cljsbuild/public/js/out/myapp_reframe/core.js
[0mCompiling "target/cljsbuild/public/js/app.js" from ["src/cljs" "src/cljc" "env/dev/cljs"]...[0m
[32mSuccessfully compiled "target/cljsbuild/public/js/app.js" in 0.459 seconds.[0m
notifying browser that file changed:  target/cljsbuild/public/js/out/myapp_reframe/core.js
[0mCompiling "target/cljsbuild/public/js/app.js" from ["src/cljs" "src/cljc" "env/dev/cljs"]...[0m
[32mSuccessfully compiled "target/cljsbuild/public/js/app.js" in 0.463 seconds.[0m
notifying browser that file changed:  target/cljsbuild/public/js/out/myapp_reframe/core.js
Notifying browser that CSS file changed: resources/public/css/screen.css
Notifying browser that CSS file changed: resources/public/css/screen.css
Notifying browser that CSS file changed: resources/public/css/screen.css
Notifying browser that CSS file changed: resources/public/css/screen.css
Notifying browser that CSS file changed: resources/public/css/screen.css
Notifying browser that CSS file changed: resources/public/css/screen.css
Notifying browser that CSS file changed: resources/public/css/screen.css
Notifying browser that CSS file changed: resources/public/css/screen.css
Notifying browser that CSS file changed: resources/public/css/screen.css
Notifying browser that CSS file changed: resources/public/css/screen.css
Notifying browser that CSS file changed: resources/public/css/screen.css
Notifying browser that CSS file changed: resources/public/css/screen.css
Notifying browser that CSS file changed: resources/public/css/screen.css
Notifying browser that CSS file changed: resources/public/css/screen.css
Notifying browser that CSS file changed: resources/public/css/screen.css
Notifying browser that CSS file changed: resources/public/css/screen.css
Notifying browser that CSS file changed: resources/public/css/screen.css
Notifying browser that CSS file changed: resources/public/css/screen.css
Notifying browser that CSS file changed: resources/public/css/screen.css
[0mCompiling "target/cljsbuild/public/js/app.js" from ["src/cljs" "src/cljc" "env/dev/cljs"]...[0m
[32mSuccessfully compiled "target/cljsbuild/public/js/app.js" in 0.497 seconds.[0m
notifying browser that file changed:  target/cljsbuild/public/js/out/myapp_reframe/core.js
Notifying browser that CSS file changed: resources/public/css/screen.css
Notifying browser that CSS file changed: resources/public/css/screen.css
Notifying browser that CSS file changed: resources/public/css/screen.css
Notifying browser that CSS file changed: resources/public/css/screen.css
Notifying browser that CSS file changed: resources/public/css/screen.css
Notifying browser that CSS file changed: resources/public/css/screen.css
Notifying browser that CSS file changed: resources/public/css/screen.css
Notifying browser that CSS file changed: resources/public/css/screen.css
Notifying browser that CSS file changed: resources/public/css/screen.css
Notifying browser that CSS file changed: resources/public/css/screen.css
Notifying browser that CSS file changed: resources/public/css/screen.css
Notifying browser that CSS file changed: resources/public/css/screen.css
Notifying browser that CSS file changed: resources/public/css/screen.css
Notifying browser that CSS file changed: resources/public/css/screen.css
Notifying browser that CSS file changed: resources/public/css/screen.css
[0mCompiling "target/cljsbuild/public/js/app.js" from ["src/cljs" "src/cljc" "env/dev/cljs"]...[0m
[31mFailed to compile "target/cljsbuild/public/js/app.js" in 0.271 seconds.[0m
[36m----  Could not Analyze  src/cljs/myapp_reframe/core.cljs   line:61  column:1  ----[0m

  [1mParameter declaration missing[0m

  [33m61[0m  [1m(defn change-page-todo[0m
  [0m  [0m  [33m^--- Parameter declaration missing[0m
  [36m62[0m  [36m  )[0m

[36m----  Analysis Error : Please see src/cljs/myapp_reframe/core.cljs  ----[0m
[0mCompiling "target/cljsbuild/public/js/app.js" from ["src/cljs" "src/cljc" "env/dev/cljs"]...[0m
[36m----  Compiler Warning on   src/cljs/myapp_reframe/core.cljs   line:74  column:24  ----[0m

  [1mUse of undeclared Var myapp-reframe.core/change-page-todo[0m

  [36m70[0m  [36m             {:params {:user @(rf/subscribe [:user])}[0m
  [36m71[0m  [36m              :format :json[0m
  [36m72[0m  [36m              :response-format :json[0m
  [36m73[0m  [36m              :keywords? true[0m
  [33m74[0m  [1m              :handler change-page-todo[0m
  [0m  [0m  [33m                       ^--- Use of undeclared Var myapp-reframe.core/change-page-todo[0m
  [36m75[0m  [36m              :error-handler error-handler}))))[0m
  [36m76[0m  [36m[0m
  [36m77[0m  [36m[0m
  [36m78[0m  [36m(defn home-page [][0m
  [36m79[0m  [36m  [:div[0m

[36m----  Compiler Warning : Please see src/cljs/myapp_reframe/core.cljs  ----[0m
[31mFailed to compile "target/cljsbuild/public/js/app.js" in 0.294 seconds.[0m
[36m----  Could not Analyze  src/cljs/myapp_reframe/core.cljs   line:100  column:1  ----[0m

  [1mUnable to resolve var: todo-page in this context at line 100 src/cljs/myapp_reframe/core.cljs[0m

  [36m 98[0m  [36m   [:p.quote "Successful people have always two things on their lips, 1. Silence 2. Smile"]])[0m
  [36m 99[0m  [36m[0m
  [33m100[0m  [1m(def pages[0m
  [0m   [0m  [33m^--- Unable to resolve var: todo-page in this context at line 100 src/cljs/myapp_reframe/core.cljs[0m
  [36m101[0m  [36m  {:home #'home-page[0m
  [36m102[0m  [36m   :about #'about-page[0m
  [36m103[0m  [36m   :counter #'counter-page[0m

[36m----  Analysis Error : Please see src/cljs/myapp_reframe/core.cljs  ----[0m
[0mCompiling "target/cljsbuild/public/js/app.js" from ["src/cljs" "src/cljc" "env/dev/cljs"]...[0m
[36m----  Compiler Warning on   src/cljs/myapp_reframe/core.cljs   line:74  column:24  ----[0m

  [1mUse of undeclared Var myapp-reframe.core/change-page-todo[0m

  [36m70[0m  [36m             {:params {:user @(rf/subscribe [:user])}[0m
  [36m71[0m  [36m              :format :json[0m
  [36m72[0m  [36m              :response-format :json[0m
  [36m73[0m  [36m              :keywords? true[0m
  [33m74[0m  [1m              :handler change-page-todo[0m
  [0m  [0m  [33m                       ^--- Use of undeclared Var myapp-reframe.core/change-page-todo[0m
  [36m75[0m  [36m              :error-handler error-handler}))))[0m
  [36m76[0m  [36m[0m
  [36m77[0m  [36m[0m
  [36m78[0m  [36m(defn home-page [][0m
  [36m79[0m  [36m  [:div[0m

[36m----  Compiler Warning : Please see src/cljs/myapp_reframe/core.cljs  ----[0m
[31mFailed to compile "target/cljsbuild/public/js/app.js" in 0.308 seconds.[0m
[36m----  Could not Read  src/cljs/myapp_reframe/core.cljs   line:104 ----[0m

  [1m/home/bhavesh/tech-team/cljs_projs/bhavesh/reframe/myapp-reframe/src/cljs/myapp_reframe/core.cljs [line 104, col 11] The map literal starting with :home on line 101 column 3 contains 7 form(s). Map literals must contain an even number of forms.[0m

  [36m102[0m  [36m   :about #'about-page[0m
  [36m103[0m  [36m   :counter #'counter-page[0m
  [33m104[0m  [1m   :todo })[0m
  [0m   [0m  [33m   /home/bhavesh/tech-team/cljs_projs/bhavesh/reframe/myapp-reframe/src/cljs/myapp_reframe/core.cljs [line 104, col 11] The map literal starting with :home on line 101 column 3 contains 7 form(s). Map literals must contain an even number of forms.[0m
  [36m105[0m  [36m[0m
  [36m106[0m  [36m(defn page [][0m
  [36m107[0m  [36m  [:div[0m

[36m----  Reader Error : Please see src/cljs/myapp_reframe/core.cljs  ----[0m
[0mCompiling "target/cljsbuild/public/js/app.js" from ["src/cljs" "src/cljc" "env/dev/cljs"]...[0m
[36m----  Compiler Warning on   src/cljs/myapp_reframe/core.cljs   line:74  column:24  ----[0m

  [1mUse of undeclared Var myapp-reframe.core/change-page-todo[0m

  [36m70[0m  [36m             {:params {:user @(rf/subscribe [:user])}[0m
  [36m71[0m  [36m              :format :json[0m
  [36m72[0m  [36m              :response-format :json[0m
  [36m73[0m  [36m              :keywords? true[0m
  [33m74[0m  [1m              :handler change-page-todo[0m
  [0m  [0m  [33m                       ^--- Use of undeclared Var myapp-reframe.core/change-page-todo[0m
  [36m75[0m  [36m              :error-handler error-handler}))))[0m
  [36m76[0m  [36m[0m
  [36m77[0m  [36m[0m
  [36m78[0m  [36m(defn home-page [][0m
  [36m79[0m  [36m  [:div[0m

[36m----  Compiler Warning : Please see src/cljs/myapp_reframe/core.cljs  ----[0m
[32mSuccessfully compiled "target/cljsbuild/public/js/app.js" in 0.512 seconds.[0m
notifying browser that file changed:  target/cljsbuild/public/js/out/myapp_reframe/core.js
[0mCompiling "target/cljsbuild/public/js/app.js" from ["src/cljs" "src/cljc" "env/dev/cljs"]...[0m
[32mSuccessfully compiled "target/cljsbuild/public/js/app.js" in 0.459 seconds.[0m
notifying browser that file changed:  target/cljsbuild/public/js/out/myapp_reframe/core.js
[0mCompiling "target/cljsbuild/public/js/app.js" from ["src/cljs" "src/cljc" "env/dev/cljs"]...[0m
[32mSuccessfully compiled "target/cljsbuild/public/js/app.js" in 0.487 seconds.[0m
notifying browser that file changed:  target/cljsbuild/public/js/out/myapp_reframe/handlers.js
[0mCompiling "target/cljsbuild/public/js/app.js" from ["src/cljs" "src/cljc" "env/dev/cljs"]...[0m
[32mSuccessfully compiled "target/cljsbuild/public/js/app.js" in 0.473 seconds.[0m
notifying browser that file changed:  target/cljsbuild/public/js/out/myapp_reframe/handlers.js
[0mCompiling "target/cljsbuild/public/js/app.js" from ["src/cljs" "src/cljc" "env/dev/cljs"]...[0m
[36m----  Compiler Warning on   src/cljs/myapp_reframe/subscriptions.cljs   line:21  column:2  ----[0m

  [1mUse of undeclared Var myapp-reframe.subscriptions/ref-sub[0m

  [36m17[0m  [36m :count[0m
  [36m18[0m  [36m (fn [db _][0m
  [36m19[0m  [36m   (:count db)))[0m
  [36m20[0m  [36m[0m
  [33m21[0m  [1m(ref-sub[0m
  [0m  [0m  [33m ^--- Use of undeclared Var myapp-reframe.subscriptions/ref-sub[0m
  [36m22[0m  [36m :user[0m
  [36m23[0m  [36m (fn [db _][0m
  [36m24[0m  [36m   (:user db)))[0m

[36m----  Compiler Warning : Please see src/cljs/myapp_reframe/subscriptions.cljs  ----[0m
[32mSuccessfully compiled "target/cljsbuild/public/js/app.js" in 0.585 seconds.[0m
notifying browser that file changed:  target/cljsbuild/public/js/out/myapp_reframe/subscriptions.js
[0mCompiling "target/cljsbuild/public/js/app.js" from ["src/cljs" "src/cljc" "env/dev/cljs"]...[0m
[32mSuccessfully compiled "target/cljsbuild/public/js/app.js" in 0.52 seconds.[0m
notifying browser that file changed:  target/cljsbuild/public/js/out/myapp_reframe/subscriptions.js
[0mCompiling "target/cljsbuild/public/js/app.js" from ["src/cljs" "src/cljc" "env/dev/cljs"]...[0m
[32mSuccessfully compiled "target/cljsbuild/public/js/app.js" in 0.486 seconds.[0m
notifying browser that file changed:  target/cljsbuild/public/js/out/myapp_reframe/core.js
[0mCompiling "target/cljsbuild/public/js/app.js" from ["src/cljs" "src/cljc" "env/dev/cljs"]...[0m
[32mSuccessfully compiled "target/cljsbuild/public/js/app.js" in 0.523 seconds.[0m
notifying browser that file changed:  target/cljsbuild/public/js/out/myapp_reframe/subscriptions.js
[0mCompiling "target/cljsbuild/public/js/app.js" from ["src/cljs" "src/cljc" "env/dev/cljs"]...[0m
[32mSuccessfully compiled "target/cljsbuild/public/js/app.js" in 0.491 seconds.[0m
notifying browser that file changed:  target/cljsbuild/public/js/out/myapp_reframe/core.js
[0mCompiling "target/cljsbuild/public/js/app.js" from ["src/cljs" "src/cljc" "env/dev/cljs"]...[0m
[32mSuccessfully compiled "target/cljsbuild/public/js/app.js" in 0.478 seconds.[0m
notifying browser that file changed:  target/cljsbuild/public/js/out/myapp_reframe/core.js
[0mCompiling "target/cljsbuild/public/js/app.js" from ["src/cljs" "src/cljc" "env/dev/cljs"]...[0m
[31mFailed to compile "target/cljsbuild/public/js/app.js" in 0.272 seconds.[0m
[36m----  Could not Analyze  src/cljs/myapp_reframe/core.cljs   line:101  column:1  ----[0m

  [1mUnable to resolve var: todo-page in this context at line 101 src/cljs/myapp_reframe/core.cljs[0m

  [36m 99[0m  [36m   [:p.quote "Successful people have always two things on their lips, 1. Silence 2. Smile"]])[0m
  [36m100[0m  [36m[0m
  [33m101[0m  [1m(def pages[0m
  [0m   [0m  [33m^--- Unable to resolve var: todo-page in this context at line 101 src/cljs/myapp_reframe/core.cljs[0m
  [36m102[0m  [36m  {:home #'home-page[0m
  [36m103[0m  [36m   :about #'about-page[0m
  [36m104[0m  [36m   :counter #'counter-page[0m

[36m----  Analysis Error : Please see src/cljs/myapp_reframe/core.cljs  ----[0m
[0mCompiling "target/cljsbuild/public/js/app.js" from ["src/cljs" "src/cljc" "env/dev/cljs"]...[0m
[36m----  Compiler Warning on   src/cljs/myapp_reframe/core.cljs   line:98  column:7  ----[0m

  [1mUse of undeclared Var myapp-reframe.core/c-show-output[0m

  [36m 94[0m  [36m                   :id "todo-input"}][0m
  [36m 95[0m  [36m     [:input {:type "submit" :value "Add-task"}][0m
  [36m 96[0m  [36m     [:input {:type "button" :value "Logout" :on-click #(secretary/dispatch! "/")}]][0m
  [36m 97[0m  [36m    [:div [:h2 "all tasks"][0m
  [33m 98[0m  [1m     [c-show-output]]]])[0m
  [0m   [0m  [33m      ^--- Use of undeclared Var myapp-reframe.core/c-show-output[0m
  [36m 99[0m  [36m[0m
  [36m100[0m  [36m[0m
  [36m101[0m  [36m(defn home-page [][0m
  [36m102[0m  [36m  [:div[0m
  [36m103[0m  [36m   [:h2 "Login Page"][0m

[36m----  Compiler Warning : Please see src/cljs/myapp_reframe/core.cljs  ----[0m
[32mSuccessfully compiled "target/cljsbuild/public/js/app.js" in 0.569 seconds.[0m
notifying browser that file changed:  target/cljsbuild/public/js/out/myapp_reframe/core.js
[0mCompiling "target/cljsbuild/public/js/app.js" from ["src/cljs" "src/cljc" "env/dev/cljs"]...[0m
[32mSuccessfully compiled "target/cljsbuild/public/js/app.js" in 0.48 seconds.[0m
notifying browser that file changed:  target/cljsbuild/public/js/out/myapp_reframe/core.js
[0mCompiling "target/cljsbuild/public/js/app.js" from ["src/cljs" "src/cljc" "env/dev/cljs"]...[0m
[32mSuccessfully compiled "target/cljsbuild/public/js/app.js" in 0.491 seconds.[0m
notifying browser that file changed:  target/cljsbuild/public/js/out/myapp_reframe/core.js
[0mCompiling "target/cljsbuild/public/js/app.js" from ["src/cljs" "src/cljc" "env/dev/cljs"]...[0m
[32mSuccessfully compiled "target/cljsbuild/public/js/app.js" in 0.479 seconds.[0m
notifying browser that file changed:  target/cljsbuild/public/js/out/myapp_reframe/core.js
[0mCompiling "target/cljsbuild/public/js/app.js" from ["src/cljs" "src/cljc" "env/dev/cljs"]...[0m
[32mSuccessfully compiled "target/cljsbuild/public/js/app.js" in 0.483 seconds.[0m
notifying browser that file changed:  target/cljsbuild/public/js/out/myapp_reframe/core.js
[0mCompiling "target/cljsbuild/public/js/app.js" from ["src/cljs" "src/cljc" "env/dev/cljs"]...[0m
[32mSuccessfully compiled "target/cljsbuild/public/js/app.js" in 0.48 seconds.[0m
notifying browser that file changed:  target/cljsbuild/public/js/out/myapp_reframe/subscriptions.js
[0mCompiling "target/cljsbuild/public/js/app.js" from ["src/cljs" "src/cljc" "env/dev/cljs"]...[0m
[32mSuccessfully compiled "target/cljsbuild/public/js/app.js" in 0.492 seconds.[0m
notifying browser that file changed:  target/cljsbuild/public/js/out/myapp_reframe/subscriptions.js
[0mCompiling "target/cljsbuild/public/js/app.js" from ["src/cljs" "src/cljc" "env/dev/cljs"]...[0m
[32mSuccessfully compiled "target/cljsbuild/public/js/app.js" in 0.5 seconds.[0m
notifying browser that file changed:  target/cljsbuild/public/js/out/myapp_reframe/subscriptions.js
[0mCompiling "target/cljsbuild/public/js/app.js" from ["src/cljs" "src/cljc" "env/dev/cljs"]...[0m
[32mSuccessfully compiled "target/cljsbuild/public/js/app.js" in 0.477 seconds.[0m
notifying browser that file changed:  target/cljsbuild/public/js/out/myapp_reframe/subscriptions.js
[0mCompiling "target/cljsbuild/public/js/app.js" from ["src/cljs" "src/cljc" "env/dev/cljs"]...[0m
[32mSuccessfully compiled "target/cljsbuild/public/js/app.js" in 0.504 seconds.[0m
notifying browser that file changed:  target/cljsbuild/public/js/out/myapp_reframe/core.js
[0mCompiling "target/cljsbuild/public/js/app.js" from ["src/cljs" "src/cljc" "env/dev/cljs"]...[0m
[32mSuccessfully compiled "target/cljsbuild/public/js/app.js" in 0.488 seconds.[0m
notifying browser that file changed:  target/cljsbuild/public/js/out/myapp_reframe/core.js
[0mCompiling "target/cljsbuild/public/js/app.js" from ["src/cljs" "src/cljc" "env/dev/cljs"]...[0m
[32mSuccessfully compiled "target/cljsbuild/public/js/app.js" in 0.503 seconds.[0m
notifying browser that file changed:  target/cljsbuild/public/js/out/myapp_reframe/core.js
[0mCompiling "target/cljsbuild/public/js/app.js" from ["src/cljs" "src/cljc" "env/dev/cljs"]...[0m
[32mSuccessfully compiled "target/cljsbuild/public/js/app.js" in 0.516 seconds.[0m
notifying browser that file changed:  target/cljsbuild/public/js/out/myapp_reframe/core.js
[0mCompiling "target/cljsbuild/public/js/app.js" from ["src/cljs" "src/cljc" "env/dev/cljs"]...[0m
[32mSuccessfully compiled "target/cljsbuild/public/js/app.js" in 0.473 seconds.[0m
notifying browser that file changed:  target/cljsbuild/public/js/out/myapp_reframe/core.js
[0mCompiling "target/cljsbuild/public/js/app.js" from ["src/cljs" "src/cljc" "env/dev/cljs"]...[0m
[32mSuccessfully compiled "target/cljsbuild/public/js/app.js" in 0.501 seconds.[0m
notifying browser that file changed:  target/cljsbuild/public/js/out/myapp_reframe/core.js
[0mCompiling "target/cljsbuild/public/js/app.js" from ["src/cljs" "src/cljc" "env/dev/cljs"]...[0m
[31mFailed to compile "target/cljsbuild/public/js/app.js" in 0.261 seconds.[0m
[36m----  Could not Read  src/cljs/myapp_reframe/core.cljs   line:85 ----[0m

  [1m/home/bhavesh/tech-team/cljs_projs/bhavesh/reframe/myapp-reframe/src/cljs/myapp_reframe/core.cljs [line 85, col 55] The map literal starting with :type on line 85 column 25 contains 3 form(s). Map literals must contain an even number of forms.[0m

  [36m83[0m  [36m(do [:li [:input {:type "text" :value task}][0m
  [36m84[0m  [36m     [:input {:type "button" :value "Mark done" :on-click #(mark-done task)}]])[0m
  [33m85[0m  [1m(do [:li [:input {:type "text"  [:strike task]}]]))]))[0m
  [0m  [0m  [33m/home/bhavesh/tech-team/cljs_projs/bhavesh/reframe/myapp-reframe/src/cljs/myapp_reframe/core.cljs [line 85, col 55] The map literal starting with :type on line 85 column 25 contains 3 form(s). Map literals must contain an even number of forms.[0m

[36m----  Reader Error : Please see src/cljs/myapp_reframe/core.cljs  ----[0m
[0mCompiling "target/cljsbuild/public/js/app.js" from ["src/cljs" "src/cljc" "env/dev/cljs"]...[0m
[32mSuccessfully compiled "target/cljsbuild/public/js/app.js" in 0.482 seconds.[0m
notifying browser that file changed:  target/cljsbuild/public/js/out/myapp_reframe/core.js
[0mCompiling "target/cljsbuild/public/js/app.js" from ["src/cljs" "src/cljc" "env/dev/cljs"]...[0m
[32mSuccessfully compiled "target/cljsbuild/public/js/app.js" in 0.483 seconds.[0m
notifying browser that file changed:  target/cljsbuild/public/js/out/myapp_reframe/core.js
[0mCompiling "target/cljsbuild/public/js/app.js" from ["src/cljs" "src/cljc" "env/dev/cljs"]...[0m
[32mSuccessfully compiled "target/cljsbuild/public/js/app.js" in 0.47 seconds.[0m
notifying browser that file changed:  target/cljsbuild/public/js/out/myapp_reframe/core.js
[0mCompiling "target/cljsbuild/public/js/app.js" from ["src/cljs" "src/cljc" "env/dev/cljs"]...[0m
[32mSuccessfully compiled "target/cljsbuild/public/js/app.js" in 0.48 seconds.[0m
notifying browser that file changed:  target/cljsbuild/public/js/out/myapp_reframe/core.js
Notifying browser that CSS file changed: resources/public/css/screen.css
Notifying browser that CSS file changed: resources/public/css/screen.css
Notifying browser that CSS file changed: resources/public/css/screen.css
[0mCompiling "target/cljsbuild/public/js/app.js" from ["src/cljs" "src/cljc" "env/dev/cljs"]...[0m
[32mSuccessfully compiled "target/cljsbuild/public/js/app.js" in 0.495 seconds.[0m
notifying browser that file changed:  target/cljsbuild/public/js/out/myapp_reframe/core.js
Notifying browser that CSS file changed: resources/public/css/screen.css
Notifying browser that CSS file changed: resources/public/css/screen.css
Notifying browser that CSS file changed: resources/public/css/screen.css
Notifying browser that CSS file changed: resources/public/css/screen.css
[0mCompiling "target/cljsbuild/public/js/app.js" from ["src/cljs" "src/cljc" "env/dev/cljs"]...[0m
[32mSuccessfully compiled "target/cljsbuild/public/js/app.js" in 0.481 seconds.[0m
notifying browser that file changed:  target/cljsbuild/public/js/out/myapp_reframe/core.js
Notifying browser that CSS file changed: resources/public/css/screen.css
Notifying browser that CSS file changed: resources/public/css/screen.css
Notifying browser that CSS file changed: resources/public/css/screen.css
Notifying browser that CSS file changed: resources/public/css/screen.css
Notifying browser that CSS file changed: resources/public/css/screen.css
Notifying browser that CSS file changed: resources/public/css/screen.css
Notifying browser that CSS file changed: resources/public/css/screen.css
Notifying browser that CSS file changed: resources/public/css/screen.css
Notifying browser that CSS file changed: resources/public/css/screen.css
Notifying browser that CSS file changed: resources/public/css/screen.css
[0mCompiling "target/cljsbuild/public/js/app.js" from ["src/cljs" "src/cljc" "env/dev/cljs"]...[0m
[32mSuccessfully compiled "target/cljsbuild/public/js/app.js" in 0.482 seconds.[0m
notifying browser that file changed:  target/cljsbuild/public/js/out/myapp_reframe/core.js
[0mCompiling "target/cljsbuild/public/js/app.js" from ["src/cljs" "src/cljc" "env/dev/cljs"]...[0m
[32mSuccessfully compiled "target/cljsbuild/public/js/app.js" in 0.506 seconds.[0m
notifying browser that file changed:  target/cljsbuild/public/js/out/myapp_reframe/core.js
[0mCompiling "target/cljsbuild/public/js/app.js" from ["src/cljs" "src/cljc" "env/dev/cljs"]...[0m
[32mSuccessfully compiled "target/cljsbuild/public/js/app.js" in 0.483 seconds.[0m
notifying browser that file changed:  target/cljsbuild/public/js/out/myapp_reframe/core.js
Notifying browser that CSS file changed: resources/public/css/screen.css
Notifying browser that CSS file changed: resources/public/css/screen.css
Notifying browser that CSS file changed: resources/public/css/screen.css
Notifying browser that CSS file changed: resources/public/css/screen.css
Notifying browser that CSS file changed: resources/public/css/screen.css
Notifying browser that CSS file changed: resources/public/css/screen.css
Notifying browser that CSS file changed: resources/public/css/screen.css
Notifying browser that CSS file changed: resources/public/css/screen.css
Notifying browser that CSS file changed: resources/public/css/screen.css
Notifying browser that CSS file changed: resources/public/css/screen.css
Notifying browser that CSS file changed: resources/public/css/screen.css
Notifying browser that CSS file changed: resources/public/css/screen.css
Notifying browser that CSS file changed: resources/public/css/screen.css
[0mCompiling "target/cljsbuild/public/js/app.js" from ["src/cljs" "src/cljc" "env/dev/cljs"]...[0m
[32mSuccessfully compiled "target/cljsbuild/public/js/app.js" in 0.482 seconds.[0m
notifying browser that file changed:  target/cljsbuild/public/js/out/myapp_reframe/core.js
[0mCompiling "target/cljsbuild/public/js/app.js" from ["src/cljs" "src/cljc" "env/dev/cljs"]...[0m
[32mSuccessfully compiled "target/cljsbuild/public/js/app.js" in 0.481 seconds.[0m
notifying browser that file changed:  target/cljsbuild/public/js/out/myapp_reframe/core.js
[0mCompiling "target/cljsbuild/public/js/app.js" from ["src/cljs" "src/cljc" "env/dev/cljs"]...[0m
[32mSuccessfully compiled "target/cljsbuild/public/js/app.js" in 0.48 seconds.[0m
notifying browser that file changed:  target/cljsbuild/public/js/out/myapp_reframe/core.js
[0mCompiling "target/cljsbuild/public/js/app.js" from ["src/cljs" "src/cljc" "env/dev/cljs"]...[0m
[32mSuccessfully compiled "target/cljsbuild/public/js/app.js" in 0.478 seconds.[0m
notifying browser that file changed:  target/cljsbuild/public/js/out/myapp_reframe/core.js
[0mCompiling "target/cljsbuild/public/js/app.js" from ["src/cljs" "src/cljc" "env/dev/cljs"]...[0m
[32mSuccessfully compiled "target/cljsbuild/public/js/app.js" in 0.472 seconds.[0m
notifying browser that file changed:  target/cljsbuild/public/js/out/myapp_reframe/core.js
[0mCompiling "target/cljsbuild/public/js/app.js" from ["src/cljs" "src/cljc" "env/dev/cljs"]...[0m
[32mSuccessfully compiled "target/cljsbuild/public/js/app.js" in 0.485 seconds.[0m
notifying browser that file changed:  target/cljsbuild/public/js/out/myapp_reframe/core.js
[0mCompiling "target/cljsbuild/public/js/app.js" from ["src/cljs" "src/cljc" "env/dev/cljs"]...[0m
[32mSuccessfully compiled "target/cljsbuild/public/js/app.js" in 0.479 seconds.[0m
notifying browser that file changed:  target/cljsbuild/public/js/out/myapp_reframe/core.js
Notifying browser that CSS file changed: resources/public/css/screen.css
Notifying browser that CSS file changed: resources/public/css/screen.css
Notifying browser that CSS file changed: resources/public/css/screen.css
[0mCompiling "target/cljsbuild/public/js/app.js" from ["src/cljs" "src/cljc" "env/dev/cljs"]...[0m
[32mSuccessfully compiled "target/cljsbuild/public/js/app.js" in 0.482 seconds.[0m
notifying browser that file changed:  target/cljsbuild/public/js/out/myapp_reframe/core.js
[0mCompiling "target/cljsbuild/public/js/app.js" from ["src/cljs" "src/cljc" "env/dev/cljs"]...[0m
[32mSuccessfully compiled "target/cljsbuild/public/js/app.js" in 0.483 seconds.[0m
notifying browser that file changed:  target/cljsbuild/public/js/out/myapp_reframe/core.js
[0mCompiling "target/cljsbuild/public/js/app.js" from ["src/cljs" "src/cljc" "env/dev/cljs"]...[0m
[32mSuccessfully compiled "target/cljsbuild/public/js/app.js" in 0.476 seconds.[0m
notifying browser that file changed:  target/cljsbuild/public/js/out/myapp_reframe/core.js
[0mCompiling "target/cljsbuild/public/js/app.js" from ["src/cljs" "src/cljc" "env/dev/cljs"]...[0m
[32mSuccessfully compiled "target/cljsbuild/public/js/app.js" in 0.48 seconds.[0m
notifying browser that file changed:  target/cljsbuild/public/js/out/myapp_reframe/core.js
[0mCompiling "target/cljsbuild/public/js/app.js" from ["src/cljs" "src/cljc" "env/dev/cljs"]...[0m
[32mSuccessfully compiled "target/cljsbuild/public/js/app.js" in 0.84 seconds.[0m
notifying browser that file changed:  target/cljsbuild/public/js/out/goog/deps.js
notifying browser that file changed:  target/cljsbuild/public/js/out/cljs_deps.js
notifying browser that file changed:  target/cljsbuild/public/js/out/myapp_reframe/core.js
[0mCompiling "target/cljsbuild/public/js/app.js" from ["src/cljs" "src/cljc" "env/dev/cljs"]...[0m
[32mSuccessfully compiled "target/cljsbuild/public/js/app.js" in 0.84 seconds.[0m
notifying browser that file changed:  target/cljsbuild/public/js/out/myapp_reframe/core.js
[0mCompiling "target/cljsbuild/public/js/app.js" from ["src/cljs" "src/cljc" "env/dev/cljs"]...[0m
[32mSuccessfully compiled "target/cljsbuild/public/js/app.js" in 0.767 seconds.[0m
notifying browser that file changed:  target/cljsbuild/public/js/out/myapp_reframe/core.js
[0mCompiling "target/cljsbuild/public/js/app.js" from ["src/cljs" "src/cljc" "env/dev/cljs"]...[0m
[32mSuccessfully compiled "target/cljsbuild/public/js/app.js" in 0.725 seconds.[0m
notifying browser that file changed:  target/cljsbuild/public/js/out/myapp_reframe/core.js
[0mCompiling "target/cljsbuild/public/js/app.js" from ["src/cljs" "src/cljc" "env/dev/cljs"]...[0m
[32mSuccessfully compiled "target/cljsbuild/public/js/app.js" in 0.708 seconds.[0m
notifying browser that file changed:  target/cljsbuild/public/js/out/myapp_reframe/core.js
[0mCompiling "target/cljsbuild/public/js/app.js" from ["src/cljs" "src/cljc" "env/dev/cljs"]...[0m
[31mFailed to compile "target/cljsbuild/public/js/app.js" in 0.392 seconds.[0m
[36m----  Could not Read  src/cljs/myapp_reframe/core.cljs   line:130 ----[0m

  [1m/home/bhavesh/tech-team/cljs_projs/bhavesh/reframe/myapp-reframe/src/cljs/myapp_reframe/core.cljs [line 130, col 69] The map literal starting with :id on line 130 column 30 contains 5 form(s). Map literals must contain an even number of forms.[0m

  [36m128[0m  [36m[:div [:input {:type "text"[0m
  [36m129[0m  [36m               :id "todo-input"}][0m
  [33m130[0m  [1m [:input.btn.btn-primary {:id  :type "submit" :value "Add-task"}][0m
  [0m   [0m  [33m /home/bhavesh/tech-team/cljs_projs/bhavesh/reframe/myapp-reframe/src/cljs/myapp_reframe/core.cljs [line 130, col 69] The map literal starting with :id on line 130 column 30 contains 5 form(s). Map literals must contain an even number of forms.[0m
  [36m131[0m  [36m [:input.btn.btn-primary {:type "button" :value "Logout" :on-click #(secretary/dispatch! "/")}]][0m
  [36m132[0m  [36m[:div [:h2 "all tasks"][0m
  [36m133[0m  [36m [c-show-output]]]])[0m

[36m----  Reader Error : Please see src/cljs/myapp_reframe/core.cljs  ----[0m
[0mCompiling "target/cljsbuild/public/js/app.js" from ["src/cljs" "src/cljc" "env/dev/cljs"]...[0m
[32mSuccessfully compiled "target/cljsbuild/public/js/app.js" in 0.635 seconds.[0m
notifying browser that file changed:  target/cljsbuild/public/js/out/myapp_reframe/core.js
[0mCompiling "target/cljsbuild/public/js/app.js" from ["src/cljs" "src/cljc" "env/dev/cljs"]...[0m
[31mFailed to compile "target/cljsbuild/public/js/app.js" in 0.366 seconds.[0m
[36m----  Could not Read  src/cljs/myapp_reframe/core.cljs   line:129 ----[0m

  [1m/home/bhavesh/tech-team/cljs_projs/bhavesh/reframe/myapp-reframe/src/cljs/myapp_reframe/core.cljs [line 129, col 69] The map literal starting with :id on line 129 column 30 contains 5 form(s). Map literals must contain an even number of forms.[0m

  [36m127[0m  [36m[:div [:input {:type "text"[0m
  [36m128[0m  [36m               :id "todo-input"}][0m
  [33m129[0m  [1m [:input.btn.btn-primary {:id  :type "submit" :value "Add-task"}][0m
  [0m   [0m  [33m /home/bhavesh/tech-team/cljs_projs/bhavesh/reframe/myapp-reframe/src/cljs/myapp_reframe/core.cljs [line 129, col 69] The map literal starting with :id on line 129 column 30 contains 5 form(s). Map literals must contain an even number of forms.[0m
  [36m130[0m  [36m [:input.btn.btn-primary {:type "button" :value "Logout" :on-click #(secretary/dispatch! "/")}]][0m
  [36m131[0m  [36m[:div [:h2 "all tasks"][0m
  [36m132[0m  [36m [c-show-output]]]])[0m

[36m----  Reader Error : Please see src/cljs/myapp_reframe/core.cljs  ----[0m
[0mCompiling "target/cljsbuild/public/js/app.js" from ["src/cljs" "src/cljc" "env/dev/cljs"]...[0m
[32mSuccessfully compiled "target/cljsbuild/public/js/app.js" in 0.678 seconds.[0m
notifying browser that file changed:  target/cljsbuild/public/js/out/myapp_reframe/core.js
[0mCompiling "target/cljsbuild/public/js/app.js" from ["src/cljs" "src/cljc" "env/dev/cljs"]...[0m
[32mSuccessfully compiled "target/cljsbuild/public/js/app.js" in 0.695 seconds.[0m
notifying browser that file changed:  target/cljsbuild/public/js/out/myapp_reframe/core.js
[0mCompiling "target/cljsbuild/public/js/app.js" from ["src/cljs" "src/cljc" "env/dev/cljs"]...[0m
[32mSuccessfully compiled "target/cljsbuild/public/js/app.js" in 0.613 seconds.[0m
notifying browser that file changed:  target/cljsbuild/public/js/out/myapp_reframe/core.js
[0mCompiling "target/cljsbuild/public/js/app.js" from ["src/cljs" "src/cljc" "env/dev/cljs"]...[0m
[32mSuccessfully compiled "target/cljsbuild/public/js/app.js" in 0.621 seconds.[0m
notifying browser that file changed:  target/cljsbuild/public/js/out/myapp_reframe/core.js
[0mCompiling "target/cljsbuild/public/js/app.js" from ["src/cljs" "src/cljc" "env/dev/cljs"]...[0m
[31mFailed to compile "target/cljsbuild/public/js/app.js" in 0.319 seconds.[0m
[36m----  Could not Analyze  src/cljs/myapp_reframe/core.cljs   line:82  column:6  ----[0m

  [1mWrong number of args (5) passed to: core/if-not[0m

  [36m80[0m  [36m    (log task status)[0m
  [36m81[0m  [36m    [:div[0m
  [33m82[0m  [1m     (if-not (= "Complete" status)[0m
  [0m  [0m  [33m     ^--- Wrong number of args (5) passed to: core/if-not[0m
  [36m83[0m  [36m       (do [:li.task task[0m
  [36m84[0m  [36m[0m
  [36m85[0m  [36m            [:input.markdone {:type "button" :value "Mark done" :on-click #(mark-done task)}]])[0m

[36m----  Analysis Error : Please see src/cljs/myapp_reframe/core.cljs  ----[0m
[0mCompiling "target/cljsbuild/public/js/app.js" from ["src/cljs" "src/cljc" "env/dev/cljs"]...[0m
[32mSuccessfully compiled "target/cljsbuild/public/js/app.js" in 0.651 seconds.[0m
notifying browser that file changed:  target/cljsbuild/public/js/out/myapp_reframe/core.js
[0mCompiling "target/cljsbuild/public/js/app.js" from ["src/cljs" "src/cljc" "env/dev/cljs"]...[0m
[32mSuccessfully compiled "target/cljsbuild/public/js/app.js" in 0.679 seconds.[0m
notifying browser that file changed:  target/cljsbuild/public/js/out/myapp_reframe/core.js
[0mCompiling "target/cljsbuild/public/js/app.js" from ["src/cljs" "src/cljc" "env/dev/cljs"]...[0m
[32mSuccessfully compiled "target/cljsbuild/public/js/app.js" in 0.634 seconds.[0m
notifying browser that file changed:  target/cljsbuild/public/js/out/myapp_reframe/core.js
[0mCompiling "target/cljsbuild/public/js/app.js" from ["src/cljs" "src/cljc" "env/dev/cljs"]...[0m
[32mSuccessfully compiled "target/cljsbuild/public/js/app.js" in 0.631 seconds.[0m
notifying browser that file changed:  target/cljsbuild/public/js/out/myapp_reframe/core.js
[0mCompiling "target/cljsbuild/public/js/app.js" from ["src/cljs" "src/cljc" "env/dev/cljs"]...[0m
[32mSuccessfully compiled "target/cljsbuild/public/js/app.js" in 0.573 seconds.[0m
notifying browser that file changed:  target/cljsbuild/public/js/out/myapp_reframe/core.js
[0mCompiling "target/cljsbuild/public/js/app.js" from ["src/cljs" "src/cljc" "env/dev/cljs"]...[0m
[32mSuccessfully compiled "target/cljsbuild/public/js/app.js" in 0.614 seconds.[0m
notifying browser that file changed:  target/cljsbuild/public/js/out/myapp_reframe/core.js
[0mCompiling "target/cljsbuild/public/js/app.js" from ["src/cljs" "src/cljc" "env/dev/cljs"]...[0m
[32mSuccessfully compiled "target/cljsbuild/public/js/app.js" in 0.646 seconds.[0m
notifying browser that file changed:  target/cljsbuild/public/js/out/myapp_reframe/core.js
[0mCompiling "target/cljsbuild/public/js/app.js" from ["src/cljs" "src/cljc" "env/dev/cljs"]...[0m
[32mSuccessfully compiled "target/cljsbuild/public/js/app.js" in 0.551 seconds.[0m
notifying browser that file changed:  target/cljsbuild/public/js/out/myapp_reframe/core.js
[0mCompiling "target/cljsbuild/public/js/app.js" from ["src/cljs" "src/cljc" "env/dev/cljs"]...[0m
[32mSuccessfully compiled "target/cljsbuild/public/js/app.js" in 0.538 seconds.[0m
notifying browser that file changed:  target/cljsbuild/public/js/out/myapp_reframe/core.js
[0mCompiling "target/cljsbuild/public/js/app.js" from ["src/cljs" "src/cljc" "env/dev/cljs"]...[0m
[32mSuccessfully compiled "target/cljsbuild/public/js/app.js" in 0.593 seconds.[0m
notifying browser that file changed:  target/cljsbuild/public/js/out/myapp_reframe/core.js
[0mCompiling "target/cljsbuild/public/js/app.js" from ["src/cljs" "src/cljc" "env/dev/cljs"]...[0m
[32mSuccessfully compiled "target/cljsbuild/public/js/app.js" in 0.529 seconds.[0m
notifying browser that file changed:  target/cljsbuild/public/js/out/myapp_reframe/core.js
[0mCompiling "target/cljsbuild/public/js/app.js" from ["src/cljs" "src/cljc" "env/dev/cljs"]...[0m
[32mSuccessfully compiled "target/cljsbuild/public/js/app.js" in 0.576 seconds.[0m
notifying browser that file changed:  target/cljsbuild/public/js/out/myapp_reframe/core.js
[0mCompiling "target/cljsbuild/public/js/app.js" from ["src/cljs" "src/cljc" "env/dev/cljs"]...[0m
[32mSuccessfully compiled "target/cljsbuild/public/js/app.js" in 0.556 seconds.[0m
notifying browser that file changed:  target/cljsbuild/public/js/out/myapp_reframe/core.js
[0mCompiling "target/cljsbuild/public/js/app.js" from ["src/cljs" "src/cljc" "env/dev/cljs"]...[0m
[32mSuccessfully compiled "target/cljsbuild/public/js/app.js" in 0.586 seconds.[0m
notifying browser that file changed:  target/cljsbuild/public/js/out/myapp_reframe/core.js
[0mCompiling "target/cljsbuild/public/js/app.js" from ["src/cljs" "src/cljc" "env/dev/cljs"]...[0m
[32mSuccessfully compiled "target/cljsbuild/public/js/app.js" in 0.552 seconds.[0m
notifying browser that file changed:  target/cljsbuild/public/js/out/myapp_reframe/core.js
[0mCompiling "target/cljsbuild/public/js/app.js" from ["src/cljs" "src/cljc" "env/dev/cljs"]...[0m
[32mSuccessfully compiled "target/cljsbuild/public/js/app.js" in 0.556 seconds.[0m
notifying browser that file changed:  target/cljsbuild/public/js/out/myapp_reframe/core.js
Notifying browser that CSS file changed: resources/public/css/screen.css
[0mCompiling "target/cljsbuild/public/js/app.js" from ["src/cljs" "src/cljc" "env/dev/cljs"]...[0m
[32mSuccessfully compiled "target/cljsbuild/public/js/app.js" in 0.556 seconds.[0m
notifying browser that file changed:  target/cljsbuild/public/js/out/myapp_reframe/core.js
[0mCompiling "target/cljsbuild/public/js/app.js" from ["src/cljs" "src/cljc" "env/dev/cljs"]...[0m
[32mSuccessfully compiled "target/cljsbuild/public/js/app.js" in 0.551 seconds.[0m
notifying browser that file changed:  target/cljsbuild/public/js/out/myapp_reframe/core.js
[0mCompiling "target/cljsbuild/public/js/app.js" from ["src/cljs" "src/cljc" "env/dev/cljs"]...[0m
[32mSuccessfully compiled "target/cljsbuild/public/js/app.js" in 0.526 seconds.[0m
notifying browser that file changed:  target/cljsbuild/public/js/out/myapp_reframe/core.js
Notifying browser that CSS file changed: resources/public/css/screen.css
Notifying browser that CSS file changed: resources/public/css/screen.css
Notifying browser that CSS file changed: resources/public/css/screen.css
[0mCompiling "target/cljsbuild/public/js/app.js" from ["src/cljs" "src/cljc" "env/dev/cljs"]...[0m
[32mSuccessfully compiled "target/cljsbuild/public/js/app.js" in 0.554 seconds.[0m
notifying browser that file changed:  target/cljsbuild/public/js/out/myapp_reframe/core.js
[0mCompiling "target/cljsbuild/public/js/app.js" from ["src/cljs" "src/cljc" "env/dev/cljs"]...[0m
[32mSuccessfully compiled "target/cljsbuild/public/js/app.js" in 0.514 seconds.[0m
notifying browser that file changed:  target/cljsbuild/public/js/out/myapp_reframe/core.js
Notifying browser that CSS file changed: resources/public/css/screen.css
[0mCompiling "target/cljsbuild/public/js/app.js" from ["src/cljs" "src/cljc" "env/dev/cljs"]...[0m
[36m----  Compiler Warning on   src/cljs/myapp_reframe/core.cljs   line:128  column:28  ----[0m

  [1mUse of undeclared Var re-frame.core/subsribe[0m

  [36m126[0m  [36m(defn todo-page [][0m
  [36m127[0m  [36m  [:div[0m
  [33m128[0m  [1m   [:h6 (str "Welcome :" @(rf/subsribe [:user]))][0m
  [0m   [0m  [33m                           ^--- Use of undeclared Var re-frame.core/subsribe[0m
  [36m129[0m  [36m   [:h2.quote-head "Todo-list"][0m
  [36m130[0m  [36m   [:form {:action "#" :method "get"[0m
  [36m131[0m  [36m           :on-submit (fn [e][0m
  [36m132[0m  [36m                        (let [t (get-by-id "todo-input")][0m
  [36m133[0m  [36m                          (when-not (empty? t)[0m

[36m----  Compiler Warning : Please see src/cljs/myapp_reframe/core.cljs  ----[0m
[32mSuccessfully compiled "target/cljsbuild/public/js/app.js" in 0.635 seconds.[0m
notifying browser that file changed:  target/cljsbuild/public/js/out/cljs_deps.js
notifying browser that file changed:  target/cljsbuild/public/js/out/myapp_reframe/core.js
[0mCompiling "target/cljsbuild/public/js/app.js" from ["src/cljs" "src/cljc" "env/dev/cljs"]...[0m
[32mSuccessfully compiled "target/cljsbuild/public/js/app.js" in 0.546 seconds.[0m
notifying browser that file changed:  target/cljsbuild/public/js/out/myapp_reframe/core.js
[0mCompiling "target/cljsbuild/public/js/app.js" from ["src/cljs" "src/cljc" "env/dev/cljs"]...[0m
[32mSuccessfully compiled "target/cljsbuild/public/js/app.js" in 0.578 seconds.[0m
notifying browser that file changed:  target/cljsbuild/public/js/out/myapp_reframe/core.js
[0mCompiling "target/cljsbuild/public/js/app.js" from ["src/cljs" "src/cljc" "env/dev/cljs"]...[0m
[32mSuccessfully compiled "target/cljsbuild/public/js/app.js" in 0.514 seconds.[0m
notifying browser that file changed:  target/cljsbuild/public/js/out/myapp_reframe/core.js
[0mCompiling "target/cljsbuild/public/js/app.js" from ["src/cljs" "src/cljc" "env/dev/cljs"]...[0m
[32mSuccessfully compiled "target/cljsbuild/public/js/app.js" in 0.535 seconds.[0m
notifying browser that file changed:  target/cljsbuild/public/js/out/myapp_reframe/core.js
[0mCompiling "target/cljsbuild/public/js/app.js" from ["src/cljs" "src/cljc" "env/dev/cljs"]...[0m
[32mSuccessfully compiled "target/cljsbuild/public/js/app.js" in 0.543 seconds.[0m
notifying browser that file changed:  target/cljsbuild/public/js/out/myapp_reframe/core.js
[0mCompiling "target/cljsbuild/public/js/app.js" from ["src/cljs" "src/cljc" "env/dev/cljs"]...[0m
[32mSuccessfully compiled "target/cljsbuild/public/js/app.js" in 0.521 seconds.[0m
notifying browser that file changed:  target/cljsbuild/public/js/out/myapp_reframe/core.js
[0mCompiling "target/cljsbuild/public/js/app.js" from ["src/cljs" "src/cljc" "env/dev/cljs"]...[0m
[32mSuccessfully compiled "target/cljsbuild/public/js/app.js" in 0.538 seconds.[0m
notifying browser that file changed:  target/cljsbuild/public/js/out/myapp_reframe/core.js
[0mCompiling "target/cljsbuild/public/js/app.js" from ["src/cljs" "src/cljc" "env/dev/cljs"]...[0m
[32mSuccessfully compiled "target/cljsbuild/public/js/app.js" in 0.552 seconds.[0m
notifying browser that file changed:  target/cljsbuild/public/js/out/myapp_reframe/core.js
[0mCompiling "target/cljsbuild/public/js/app.js" from ["src/cljs" "src/cljc" "env/dev/cljs"]...[0m
[32mSuccessfully compiled "target/cljsbuild/public/js/app.js" in 0.552 seconds.[0m
notifying browser that file changed:  target/cljsbuild/public/js/out/myapp_reframe/core.js
[0mCompiling "target/cljsbuild/public/js/app.js" from ["src/cljs" "src/cljc" "env/dev/cljs"]...[0m
[32mSuccessfully compiled "target/cljsbuild/public/js/app.js" in 0.546 seconds.[0m
notifying browser that file changed:  target/cljsbuild/public/js/out/myapp_reframe/core.js
[0mCompiling "target/cljsbuild/public/js/app.js" from ["src/cljs" "src/cljc" "env/dev/cljs"]...[0m
[32mSuccessfully compiled "target/cljsbuild/public/js/app.js" in 0.528 seconds.[0m
notifying browser that file changed:  target/cljsbuild/public/js/out/myapp_reframe/core.js
[0mCompiling "target/cljsbuild/public/js/app.js" from ["src/cljs" "src/cljc" "env/dev/cljs"]...[0m
[32mSuccessfully compiled "target/cljsbuild/public/js/app.js" in 0.55 seconds.[0m
notifying browser that file changed:  target/cljsbuild/public/js/out/myapp_reframe/core.js
[0mCompiling "target/cljsbuild/public/js/app.js" from ["src/cljs" "src/cljc" "env/dev/cljs"]...[0m
[31mFailed to compile "target/cljsbuild/public/js/app.js" in 0.295 seconds.[0m
[36m----  Could not Analyze  src/cljs/myapp_reframe/core.cljs   line:95  column:6  ----[0m

  [1mWrong number of args (4) passed to: core/if-not[0m

  [36m93[0m  [36m(log task status)[0m
  [36m94[0m  [36m[:div.row[0m
  [33m95[0m  [1m (if-not (= "Complete" status)[0m
  [0m  [0m  [33m ^--- Wrong number of args (4) passed to: core/if-not[0m
  [36m96[0m  [36m    [:input.form-control {:value task}][0m
  [36m97[0m  [36m    [:input.markdone {:type "button" :value "Mark done" :on-click #(mark-done task)}][0m
  [36m98[0m  [36m    (do [:li.taskdone  [:strike task][0m

[36m----  Analysis Error : Please see src/cljs/myapp_reframe/core.cljs  ----[0m
[0mCompiling "target/cljsbuild/public/js/app.js" from ["src/cljs" "src/cljc" "env/dev/cljs"]...[0m
[32mSuccessfully compiled "target/cljsbuild/public/js/app.js" in 0.528 seconds.[0m
notifying browser that file changed:  target/cljsbuild/public/js/out/myapp_reframe/core.js
[0mCompiling "target/cljsbuild/public/js/app.js" from ["src/cljs" "src/cljc" "env/dev/cljs"]...[0m
[32mSuccessfully compiled "target/cljsbuild/public/js/app.js" in 0.53 seconds.[0m
notifying browser that file changed:  target/cljsbuild/public/js/out/myapp_reframe/core.js
[0mCompiling "target/cljsbuild/public/js/app.js" from ["src/cljs" "src/cljc" "env/dev/cljs"]...[0m
[32mSuccessfully compiled "target/cljsbuild/public/js/app.js" in 0.53 seconds.[0m
notifying browser that file changed:  target/cljsbuild/public/js/out/myapp_reframe/core.js
[0mCompiling "target/cljsbuild/public/js/app.js" from ["src/cljs" "src/cljc" "env/dev/cljs"]...[0m
[32mSuccessfully compiled "target/cljsbuild/public/js/app.js" in 0.53 seconds.[0m
notifying browser that file changed:  target/cljsbuild/public/js/out/myapp_reframe/core.js
[0mCompiling "target/cljsbuild/public/js/app.js" from ["src/cljs" "src/cljc" "env/dev/cljs"]...[0m
[32mSuccessfully compiled "target/cljsbuild/public/js/app.js" in 0.524 seconds.[0m
notifying browser that file changed:  target/cljsbuild/public/js/out/myapp_reframe/core.js
Notifying browser that CSS file changed: resources/public/css/screen.css
Notifying browser that CSS file changed: resources/public/css/screen.css
Notifying browser that CSS file changed: resources/public/css/screen.css
Notifying browser that CSS file changed: resources/public/css/screen.css
Notifying browser that CSS file changed: resources/public/css/screen.css
Notifying browser that CSS file changed: resources/public/css/screen.css
[0mCompiling "target/cljsbuild/public/js/app.js" from ["src/cljs" "src/cljc" "env/dev/cljs"]...[0m
[32mSuccessfully compiled "target/cljsbuild/public/js/app.js" in 0.538 seconds.[0m
notifying browser that file changed:  target/cljsbuild/public/js/out/myapp_reframe/core.js
[0mCompiling "target/cljsbuild/public/js/app.js" from ["src/cljs" "src/cljc" "env/dev/cljs"]...[0m
[32mSuccessfully compiled "target/cljsbuild/public/js/app.js" in 0.541 seconds.[0m
notifying browser that file changed:  target/cljsbuild/public/js/out/myapp_reframe/core.js
Notifying browser that CSS file changed: resources/public/css/screen.css
[0mCompiling "target/cljsbuild/public/js/app.js" from ["src/cljs" "src/cljc" "env/dev/cljs"]...[0m
[36m----  Compiler Warning on   src/cljs/myapp_reframe/core.cljs   line:98  column:77  ----[0m

  [1mUse of undeclared Var myapp-reframe.core/update-task[0m

  [36m 94[0m  [36m[:div.row[0m
  [36m 95[0m  [36m (if-not (= "Complete" status)[0m
  [36m 96[0m  [36m    [:li.task task[0m
  [36m 97[0m  [36m     [:div [:input.markdone {:type "button" :value "Mark done" :on-click #(mark-done task)}][0m
  [33m 98[0m  [1m      [:input.markdone {:type "button" :value "Update task" :on-click #(update-task task)}]]][0m
  [0m   [0m  [33m                                                                        ^--- Use of undeclared Var myapp-reframe.core/update-task[0m
  [36m 99[0m  [36m    (do [:li.taskdone  [:strike task][0m
  [36m100[0m  [36m         [:div [:input.markdone {:type "button" :value "Delete" :on-click #(delete-task task)}] ]]))]))[0m

[36m----  Compiler Warning : Please see src/cljs/myapp_reframe/core.cljs  ----[0m
[32mSuccessfully compiled "target/cljsbuild/public/js/app.js" in 0.595 seconds.[0m
notifying browser that file changed:  target/cljsbuild/public/js/out/myapp_reframe/core.js
[0mCompiling "target/cljsbuild/public/js/app.js" from ["src/cljs" "src/cljc" "env/dev/cljs"]...[0m
[32mSuccessfully compiled "target/cljsbuild/public/js/app.js" in 0.523 seconds.[0m
notifying browser that file changed:  target/cljsbuild/public/js/out/myapp_reframe/core.js
[0mCompiling "target/cljsbuild/public/js/app.js" from ["src/cljs" "src/cljc" "env/dev/cljs"]...[0m
[32mSuccessfully compiled "target/cljsbuild/public/js/app.js" in 0.611 seconds.[0m
notifying browser that file changed:  target/cljsbuild/public/js/out/myapp_reframe/core.js
[0mCompiling "target/cljsbuild/public/js/app.js" from ["src/cljs" "src/cljc" "env/dev/cljs"]...[0m
[32mSuccessfully compiled "target/cljsbuild/public/js/app.js" in 0.543 seconds.[0m
notifying browser that file changed:  target/cljsbuild/public/js/out/myapp_reframe/core.js
[0mCompiling "target/cljsbuild/public/js/app.js" from ["src/cljs" "src/cljc" "env/dev/cljs"]...[0m
[31mFailed to compile "target/cljsbuild/public/js/app.js" in 0.298 seconds.[0m
[36m----  Could not Analyze  src/cljs/myapp_reframe/core.cljs   line:88  column:3  ----[0m

  [1mUnknown dot form of (. nil promt nil) with classification [:cljs.analyzer/error :cljs.analyzer/symbol ()][0m

  [36m86[0m  [36m(defn update-task[0m
  [36m87[0m  [36m  [task][0m
  [33m88[0m  [1m  (.promt ))[0m
  [0m  [0m  [33m  ^--- Unknown dot form of (. nil promt nil) with classification [:cljs.analyzer/error :cljs.analyzer/symbol ()][0m
  [36m89[0m  [36m[0m
  [36m90[0m  [36m[0m
  [36m91[0m  [36m(defn show-tasks[0m

[36m----  Analysis Error : Please see src/cljs/myapp_reframe/core.cljs  ----[0m
[0mCompiling "target/cljsbuild/public/js/app.js" from ["src/cljs" "src/cljc" "env/dev/cljs"]...[0m
[31mFailed to compile "target/cljsbuild/public/js/app.js" in 0.288 seconds.[0m
[36m----  Could not Analyze  src/cljs/myapp_reframe/core.cljs   line:88  column:3  ----[0m

  [1mUnknown dot form of (. nil prompt nil) with classification [:cljs.analyzer/error :cljs.analyzer/symbol ()][0m

  [36m86[0m  [36m(defn update-task[0m
  [36m87[0m  [36m  [task][0m
  [33m88[0m  [1m  (.prompt ))[0m
  [0m  [0m  [33m  ^--- Unknown dot form of (. nil prompt nil) with classification [:cljs.analyzer/error :cljs.analyzer/symbol ()][0m
  [36m89[0m  [36m[0m
  [36m90[0m  [36m[0m
  [36m91[0m  [36m(defn show-tasks[0m

[36m----  Analysis Error : Please see src/cljs/myapp_reframe/core.cljs  ----[0m
[0mCompiling "target/cljsbuild/public/js/app.js" from ["src/cljs" "src/cljc" "env/dev/cljs"]...[0m
[31mFailed to compile "target/cljsbuild/public/js/app.js" in 0.314 seconds.[0m
[36m----  Could not Analyze  src/cljs/myapp_reframe/core.cljs   line:88  column:3  ----[0m

  [1mUnknown dot form of (. nil prompt nil) with classification [:cljs.analyzer/error :cljs.analyzer/symbol ()][0m

  [36m86[0m  [36m(defn update-task[0m
  [36m87[0m  [36m  [task][0m
  [33m88[0m  [1m  (.prompt ))[0m
  [0m  [0m  [33m  ^--- Unknown dot form of (. nil prompt nil) with classification [:cljs.analyzer/error :cljs.analyzer/symbol ()][0m
  [36m89[0m  [36m[0m
  [36m90[0m  [36m[0m
  [36m91[0m  [36m(defn show-tasks[0m

[36m----  Analysis Error : Please see src/cljs/myapp_reframe/core.cljs  ----[0m
[0mCompiling "target/cljsbuild/public/js/app.js" from ["src/cljs" "src/cljc" "env/dev/cljs"]...[0m
[32mSuccessfully compiled "target/cljsbuild/public/js/app.js" in 0.539 seconds.[0m
notifying browser that file changed:  target/cljsbuild/public/js/out/myapp_reframe/core.js
[0mCompiling "target/cljsbuild/public/js/app.js" from ["src/cljs" "src/cljc" "env/dev/cljs"]...[0m
[32mSuccessfully compiled "target/cljsbuild/public/js/app.js" in 0.545 seconds.[0m
notifying browser that file changed:  target/cljsbuild/public/js/out/myapp_reframe/core.js
[0mCompiling "target/cljsbuild/public/js/app.js" from ["src/cljs" "src/cljc" "env/dev/cljs"]...[0m
[32mSuccessfully compiled "target/cljsbuild/public/js/app.js" in 0.542 seconds.[0m
notifying browser that file changed:  target/cljsbuild/public/js/out/myapp_reframe/core.js
[0mCompiling "target/cljsbuild/public/js/app.js" from ["src/cljs" "src/cljc" "env/dev/cljs"]...[0m
[32mSuccessfully compiled "target/cljsbuild/public/js/app.js" in 0.533 seconds.[0m
notifying browser that file changed:  target/cljsbuild/public/js/out/myapp_reframe/core.js
[0mCompiling "target/cljsbuild/public/js/app.js" from ["src/cljs" "src/cljc" "env/dev/cljs"]...[0m
[32mSuccessfully compiled "target/cljsbuild/public/js/app.js" in 0.54 seconds.[0m
notifying browser that file changed:  target/cljsbuild/public/js/out/myapp_reframe/core.js
[0mCompiling "target/cljsbuild/public/js/app.js" from ["src/cljs" "src/cljc" "env/dev/cljs"]...[0m
[32mSuccessfully compiled "target/cljsbuild/public/js/app.js" in 0.556 seconds.[0m
notifying browser that file changed:  target/cljsbuild/public/js/out/myapp_reframe/core.js
[0mCompiling "target/cljsbuild/public/js/app.js" from ["src/cljs" "src/cljc" "env/dev/cljs"]...[0m
[32mSuccessfully compiled "target/cljsbuild/public/js/app.js" in 0.544 seconds.[0m
notifying browser that file changed:  target/cljsbuild/public/js/out/myapp_reframe/core.js
[0mCompiling "target/cljsbuild/public/js/app.js" from ["src/cljs" "src/cljc" "env/dev/cljs"]...[0m
[32mSuccessfully compiled "target/cljsbuild/public/js/app.js" in 0.549 seconds.[0m
notifying browser that file changed:  target/cljsbuild/public/js/out/myapp_reframe/core.js
[0mCompiling "target/cljsbuild/public/js/app.js" from ["src/cljs" "src/cljc" "env/dev/cljs"]...[0m
[32mSuccessfully compiled "target/cljsbuild/public/js/app.js" in 1.045 seconds.[0m
notifying browser that file changed:  target/cljsbuild/public/js/out/goog/deps.js
notifying browser that file changed:  target/cljsbuild/public/js/out/cljs_deps.js
notifying browser that file changed:  target/cljsbuild/public/js/out/myapp_reframe/core.js
[0mCompiling "target/cljsbuild/public/js/app.js" from ["src/cljs" "src/cljc" "env/dev/cljs"]...[0m
[36m----  Compiler Warning on   src/cljs/myapp_reframe/core.cljs   line:179  column:42  ----[0m

  [1mUse of undeclared Var myapp-reframe.core/login-handler[0m

  [36m175[0m  [36m                                      :password pass}[0m
  [36m176[0m  [36m                             :format :json[0m
  [36m177[0m  [36m                             :response-format :json[0m
  [36m178[0m  [36m                             :keywords? true[0m
  [33m179[0m  [1m                             :handler login-handler[0m
  [0m   [0m  [33m                                      ^--- Use of undeclared Var myapp-reframe.core/login-handler[0m
  [36m180[0m  [36m                             :error-handler error-handler})))}[0m
  [36m181[0m  [36m [:div.form-group  [:input.form-control.inputclass {:type "text" :id "user" :placeholder "Enter Username"}]][0m
  [36m182[0m  [36m [:div.form-group  [:input.form-control.inputclass {:type "text" :id "pass" :placeholder "Enter Password"}]][0m
  [36m183[0m  [36m [:div.form-group [:input.form-control.buttonclass {:type "submit" :value "Login"}]]][0m
  [36m184[0m  [36m[:h2.quote-head "Quote of the day!"][0m

[36m----  Compiler Warning : Please see src/cljs/myapp_reframe/core.cljs  ----[0m
[32mSuccessfully compiled "target/cljsbuild/public/js/app.js" in 0.995 seconds.[0m
notifying browser that file changed:  target/cljsbuild/public/js/out/myapp_reframe/core.js
[0mCompiling "target/cljsbuild/public/js/app.js" from ["src/cljs" "src/cljc" "env/dev/cljs"]...[0m
[32mSuccessfully compiled "target/cljsbuild/public/js/app.js" in 0.916 seconds.[0m
notifying browser that file changed:  target/cljsbuild/public/js/out/myapp_reframe/core.js
