#
# There is insufficient memory for the Java Runtime Environment to continue.
# Native memory allocation (mmap) failed to map 151519232 bytes for committing reserved memory.
# Possible reasons:
#   The system is out of physical RAM or swap space
#   In 32 bit mode, the process size limit was hit
# Possible solutions:
#   Reduce memory load on the system
#   Increase physical memory or swap space
#   Check if swap backing store is full
#   Use 64 bit Java on a 64 bit OS
#   Decrease Java heap size (-Xmx/-Xms)
#   Decrease number of Java threads
#   Decrease Java thread stack sizes (-Xss)
#   Set larger code cache with -XX:ReservedCodeCacheSize=
# This output file may be truncated or incomplete.
#
#  Out of Memory Error (os_linux.cpp:2643), pid=7356, tid=0x00007f46e3dfd700
#
# JRE version: OpenJDK Runtime Environment (8.0_131-b11) (build 1.8.0_131-8u131-b11-0ubuntu1.16.04.2-b11)
# Java VM: OpenJDK 64-Bit Server VM (25.131-b11 mixed mode linux-amd64 compressed oops)
# Failed to write core dump. Core dumps have been disabled. To enable core dumping, try "ulimit -c unlimited" before starting Java again
#

---------------  T H R E A D  ---------------

Current thread (0x00007f46f8078000):  VMThread [stack: 0x00007f46e3cfd000,0x00007f46e3dfe000] [id=7367]

Stack: [0x00007f46e3cfd000,0x00007f46e3dfe000],  sp=0x00007f46e3dfc4c0,  free space=1021k
Native frames: (J=compiled Java code, j=interpreted, Vv=VM code, C=native code)
V  [libjvm.so+0xa673eb]
V  [libjvm.so+0x4c3bec]
V  [libjvm.so+0x8b58a0]
V  [libjvm.so+0x8afd1e]
V  [libjvm.so+0x92a856]
V  [libjvm.so+0x92bb83]
V  [libjvm.so+0x928233]
V  [libjvm.so+0x9284fc]
V  [libjvm.so+0x8da393]
V  [libjvm.so+0xa690a2]
V  [libjvm.so+0xa6e187]
V  [libjvm.so+0xa6b957]
V  [libjvm.so+0xa6cddf]
V  [libjvm.so+0xa6d2d1]
V  [libjvm.so+0x8b2d82]

VM_Operation (0x00007f4701c2ed80): ParallelGCFailedAllocation, mode: safepoint, requested by thread 0x00007f46f800a800


---------------  P R O C E S S  ---------------

Java Threads: ( => current thread )
  0x00007f46f80da000 JavaThread "Service Thread" daemon [_thread_blocked, id=7374, stack(0x00007f46e3318000,0x00007f46e3419000)]
  0x00007f46f80b2000 JavaThread "C1 CompilerThread2" daemon [_thread_blocked, id=7373, stack(0x00007f46e3419000,0x00007f46e351a000)]
  0x00007f46f80b0800 JavaThread "C2 CompilerThread1" daemon [_thread_blocked, id=7372, stack(0x00007f46e351a000,0x00007f46e361b000)]
  0x00007f46f80ad800 JavaThread "C2 CompilerThread0" daemon [_thread_blocked, id=7371, stack(0x00007f46e361b000,0x00007f46e371c000)]
  0x00007f46f80ab800 JavaThread "Signal Dispatcher" daemon [_thread_blocked, id=7370, stack(0x00007f46e371c000,0x00007f46e381d000)]
  0x00007f46f8084800 JavaThread "Finalizer" daemon [_thread_blocked, id=7369, stack(0x00007f46e3afb000,0x00007f46e3bfc000)]
  0x00007f46f807f800 JavaThread "Reference Handler" daemon [_thread_blocked, id=7368, stack(0x00007f46e3bfc000,0x00007f46e3cfd000)]
  0x00007f46f800a800 JavaThread "main" [_thread_blocked, id=7362, stack(0x00007f4701b32000,0x00007f4701c33000)]

Other Threads:
=>0x00007f46f8078000 VMThread [stack: 0x00007f46e3cfd000,0x00007f46e3dfe000] [id=7367]
  0x00007f46f80dc000 WatcherThread [stack: 0x00007f46e3217000,0x00007f46e3318000] [id=7375]

VM state:at safepoint (normal execution)

VM Mutex/Monitor currently owned by a thread:  ([mutex/lock_event])
[0x00007f46f8007080] Threads_lock - owner thread: 0x00007f46f8078000
[0x00007f46f8007580] Heap_lock - owner thread: 0x00007f46f800a800

Heap:
 PSYoungGen      total 1026048K, used 96K [0x000000076dd00000, 0x00000007b6f80000, 0x00000007c0000000)
  eden space 1015808K, 0% used [0x000000076dd00000,0x000000076dd00000,0x00000007abd00000)
  from space 10240K, 0% used [0x00000007b6580000,0x00000007b6598000,0x00000007b6f80000)
  to   space 9728K, 0% used [0x00000007abd00000,0x00000007abd00000,0x00000007ac680000)
 ParOldGen       total 91136K, used 9202K [0x00000006c9600000, 0x00000006cef00000, 0x000000076dd00000)
  object space 91136K, 10% used [0x00000006c9600000,0x00000006c9efc870,0x00000006cef00000)
 Metaspace       used 21615K, capacity 25811K, committed 25904K, reserved 1067008K
  class space    used 6212K, capacity 8161K, committed 8240K, reserved 1048576K

Card table byte_map: [0x00007f46fd9cf000,0x00007f46fe185000] byte_map_base: 0x00007f46fa384000

Marking Bits: (ParMarkBitMap*) 0x00007f4700dcd260
 Begin Bits: [0x00007f46c44b0000, 0x00007f46c8258000)
 End Bits:   [0x00007f46c8258000, 0x00007f46cc000000)

Polling page: 0x00007f4701b31000

CodeCache: size=245760Kb used=5376Kb max_used=5376Kb free=240383Kb
 bounds [0x00007f46e9000000, 0x00007f46e9550000, 0x00007f46f8000000]
 total_blobs=2528 nmethods=2184 adapters=258
 compilation: enabled

Compilation events (10 events):
Event: 11.368 Thread 0x00007f46f80b2000 2180       1       noob2pro.rupesh.core$sum_of_primes$fn__2362::invoke (18 bytes)
Event: 11.368 Thread 0x00007f46f80b2000 nmethod 2180 0x00007f46e953e5d0 code [0x00007f46e953e740, 0x00007f46e953e8e8]
Event: 11.368 Thread 0x00007f46f80b2000 2182       1       noob2pro.rupesh.core$prime_QMARK_::invokeStatic (111 bytes)
Event: 11.369 Thread 0x00007f46f80b2000 nmethod 2182 0x00007f46e953e9d0 code [0x00007f46e953ec20, 0x00007f46e953f1f8]
Event: 11.369 Thread 0x00007f46f80b2000 2181       1       noob2pro.rupesh.core$prime_QMARK_::invoke (7 bytes)
Event: 11.369 Thread 0x00007f46f80b2000 nmethod 2181 0x00007f46e953f710 code [0x00007f46e953f880, 0x00007f46e953f9a8]
Event: 11.369 Thread 0x00007f46f80b2000 2183       1       clojure.lang.RT::intCast (47 bytes)
Event: 11.370 Thread 0x00007f46f80b2000 nmethod 2183 0x00007f46e953fa10 code [0x00007f46e953fbe0, 0x00007f46e953ffe8]
Event: 11.374 Thread 0x00007f46f80b2000 2184       1       clojure.core$chunk_next::invokeStatic (12 bytes)
Event: 11.374 Thread 0x00007f46f80b2000 nmethod 2184 0x00007f46e9540250 code [0x00007f46e95403c0, 0x00007f46e9540528]

GC Heap History (10 events):
Event: 3.131 GC heap after
Heap after GC invocations=6 (full 0):
 PSYoungGen      total 520704K, used 6912K [0x000000076dd00000, 0x000000078e200000, 0x00000007c0000000)
  eden space 512000K, 0% used [0x000000076dd00000,0x000000076dd00000,0x000000078d100000)
  from space 8704K, 79% used [0x000000078d980000,0x000000078e040040,0x000000078e200000)
  to   space 8704K, 0% used [0x000000078d100000,0x000000078d100000,0x000000078d980000)
 ParOldGen       total 169472K, used 56K [0x00000006c9600000, 0x00000006d3b80000, 0x000000076dd00000)
  object space 169472K, 0% used [0x00000006c9600000,0x00000006c960e000,0x00000006d3b80000)
 Metaspace       used 17290K, capacity 20061K, committed 20352K, reserved 1064960K
  class space    used 4230K, capacity 5412K, committed 5504K, reserved 1048576K
}
Event: 3.652 GC heap before
{Heap before GC invocations=7 (full 0):
 PSYoungGen      total 520704K, used 326507K [0x000000076dd00000, 0x000000078e200000, 0x00000007c0000000)
  eden space 512000K, 62% used [0x000000076dd00000,0x000000078151af30,0x000000078d100000)
  from space 8704K, 79% used [0x000000078d980000,0x000000078e040040,0x000000078e200000)
  to   space 8704K, 0% used [0x000000078d100000,0x000000078d100000,0x000000078d980000)
 ParOldGen       total 169472K, used 56K [0x00000006c9600000, 0x00000006d3b80000, 0x000000076dd00000)
  object space 169472K, 0% used [0x00000006c9600000,0x00000006c960e000,0x00000006d3b80000)
 Metaspace       used 18040K, capacity 21113K, committed 21296K, reserved 1064960K
  class space    used 4592K, capacity 5936K, committed 5936K, reserved 1048576K
Event: 3.675 GC heap after
Heap after GC invocations=7 (full 0):
 PSYoungGen      total 520704K, used 2784K [0x000000076dd00000, 0x00000007ad700000, 0x00000007c0000000)
  eden space 512000K, 0% used [0x000000076dd00000,0x000000076dd00000,0x000000078d100000)
  from space 8704K, 31% used [0x000000078d100000,0x000000078d3b8000,0x000000078d980000)
  to   space 9216K, 0% used [0x00000007ace00000,0x00000007ace00000,0x00000007ad700000)
 ParOldGen       total 169472K, used 4634K [0x00000006c9600000, 0x00000006d3b80000, 0x000000076dd00000)
  object space 169472K, 2% used [0x00000006c9600000,0x00000006c9a86b50,0x00000006d3b80000)
 Metaspace       used 18040K, capacity 21113K, committed 21296K, reserved 1064960K
  class space    used 4592K, capacity 5936K, committed 5936K, reserved 1048576K
}
Event: 3.675 GC heap before
{Heap before GC invocations=8 (full 1):
 PSYoungGen      total 520704K, used 2784K [0x000000076dd00000, 0x00000007ad700000, 0x00000007c0000000)
  eden space 512000K, 0% used [0x000000076dd00000,0x000000076dd00000,0x000000078d100000)
  from space 8704K, 31% used [0x000000078d100000,0x000000078d3b8000,0x000000078d980000)
  to   space 9216K, 0% used [0x00000007ace00000,0x00000007ace00000,0x00000007ad700000)
 ParOldGen       total 169472K, used 4634K [0x00000006c9600000, 0x00000006d3b80000, 0x000000076dd00000)
  object space 169472K, 2% used [0x00000006c9600000,0x00000006c9a86b50,0x00000006d3b80000)
 Metaspace       used 18040K, capacity 21113K, committed 21296K, reserved 1064960K
  class space    used 4592K, capacity 5936K, committed 5936K, reserved 1048576K
Event: 3.755 GC heap after
Heap after GC invocations=8 (full 1):
 PSYoungGen      total 520704K, used 0K [0x000000076dd00000, 0x00000007ad700000, 0x00000007c0000000)
  eden space 512000K, 0% used [0x000000076dd00000,0x000000076dd00000,0x000000078d100000)
  from space 8704K, 0% used [0x000000078d100000,0x000000078d100000,0x000000078d980000)
  to   space 9216K, 0% used [0x00000007ace00000,0x00000007ace00000,0x00000007ad700000)
 ParOldGen       total 91136K, used 7242K [0x00000006c9600000, 0x00000006cef00000, 0x000000076dd00000)
  object space 91136K, 7% used [0x00000006c9600000,0x00000006c9d12850,0x00000006cef00000)
 Metaspace       used 18032K, capacity 21101K, committed 21296K, reserved 1064960K
  class space    used 4589K, capacity 5932K, committed 5936K, reserved 1048576K
}
Event: 10.442 GC heap before
{Heap before GC invocations=9 (full 1):
 PSYoungGen      total 520704K, used 512000K [0x000000076dd00000, 0x00000007ad700000, 0x00000007c0000000)
  eden space 512000K, 100% used [0x000000076dd00000,0x000000078d100000,0x000000078d100000)
  from space 8704K, 0% used [0x000000078d100000,0x000000078d100000,0x000000078d980000)
  to   space 9216K, 0% used [0x00000007ace00000,0x00000007ace00000,0x00000007ad700000)
 ParOldGen       total 91136K, used 7242K [0x00000006c9600000, 0x00000006cef00000, 0x000000076dd00000)
  object space 91136K, 7% used [0x00000006c9600000,0x00000006c9d12850,0x00000006cef00000)
 Metaspace       used 21534K, capacity 25699K, committed 25904K, reserved 1067008K
  class space    used 6207K, capacity 8161K, committed 8240K, reserved 1048576K
Event: 10.457 GC heap after
Heap after GC invocations=9 (full 1):
 PSYoungGen      total 861696K, used 2016K [0x000000076dd00000, 0x00000007ad000000, 0x00000007c0000000)
  eden space 859648K, 0% used [0x000000076dd00000,0x000000076dd00000,0x00000007a2480000)
  from space 2048K, 98% used [0x00000007ace00000,0x00000007acff8000,0x00000007ad000000)
  to   space 9728K, 0% used [0x00000007abd00000,0x00000007abd00000,0x00000007ac680000)
 ParOldGen       total 91136K, used 7250K [0x00000006c9600000, 0x00000006cef00000, 0x000000076dd00000)
  object space 91136K, 7% used [0x00000006c9600000,0x00000006c9d14850,0x00000006cef00000)
 Metaspace       used 21534K, capacity 25699K, committed 25904K, reserved 1067008K
  class space    used 6207K, capacity 8161K, committed 8240K, reserved 1048576K
}
Event: 13.452 GC heap before
{Heap before GC invocations=10 (full 1):
 PSYoungGen      total 861696K, used 861664K [0x000000076dd00000, 0x00000007ad000000, 0x00000007c0000000)
  eden space 859648K, 100% used [0x000000076dd00000,0x00000007a2480000,0x00000007a2480000)
  from space 2048K, 98% used [0x00000007ace00000,0x00000007acff8000,0x00000007ad000000)
  to   space 9728K, 0% used [0x00000007abd00000,0x00000007abd00000,0x00000007ac680000)
 ParOldGen       total 91136K, used 7250K [0x00000006c9600000, 0x00000006cef00000, 0x000000076dd00000)
  object space 91136K, 7% used [0x00000006c9600000,0x00000006c9d14850,0x00000006cef00000)
 Metaspace       used 21615K, capacity 25811K, committed 25904K, reserved 1067008K
  class space    used 6212K, capacity 8161K, committed 8240K, reserved 1048576K
Event: 13.460 GC heap after
Heap after GC invocations=10 (full 1):
 PSYoungGen      total 1025536K, used 2112K [0x000000076dd00000, 0x00000007b6f80000, 0x00000007c0000000)
  eden space 1015808K, 0% used [0x000000076dd00000,0x000000076dd00000,0x00000007abd00000)
  from space 9728K, 21% used [0x00000007abd00000,0x00000007abf10020,0x00000007ac680000)
  to   space 10240K, 0% used [0x00000007b6580000,0x00000007b6580000,0x00000007b6f80000)
 ParOldGen       total 91136K, used 7250K [0x00000006c9600000, 0x00000006cef00000, 0x000000076dd00000)
  object space 91136K, 7% used [0x00000006c9600000,0x00000006c9d14850,0x00000006cef00000)
 Metaspace       used 21615K, capacity 25811K, committed 25904K, reserved 1067008K
  class space    used 6212K, capacity 8161K, committed 8240K, reserved 1048576K
}
Event: 15.981 GC heap before
{Heap before GC invocations=11 (full 1):
 PSYoungGen      total 1025536K, used 1017920K [0x000000076dd00000, 0x00000007b6f80000, 0x00000007c0000000)
  eden space 1015808K, 100% used [0x000000076dd00000,0x00000007abd00000,0x00000007abd00000)
  from space 9728K, 21% used [0x00000007abd00000,0x00000007abf10020,0x00000007ac680000)
  to   space 10240K, 0% used [0x00000007b6580000,0x00000007b6580000,0x00000007b6f80000)
 ParOldGen       total 91136K, used 7250K [0x00000006c9600000, 0x00000006cef00000, 0x000000076dd00000)
  object space 91136K, 7% used [0x00000006c9600000,0x00000006c9d14850,0x00000006cef00000)
 Metaspace       used 21615K, capacity 25811K, committed 25904K, reserved 1067008K
  class space    used 6212K, capacity 8161K, committed 8240K, reserved 1048576K

Deoptimization events (0 events):
No events

Internal exceptions (10 events):
Event: 0.024 Thread 0x00007f46f800a800 Exception <a 'java/lang/NoSuchMethodError': Method sun.misc.Unsafe.defineClass(Ljava/lang/String;[BII)Ljava/lang/Class; name or signature does not match> (0x000000076dd07ca8) thrown at [/build/openjdk-8-VTMhfL/openjdk-8-8u131-b11/src/hotspot/src/share/vm/
Event: 0.024 Thread 0x00007f46f800a800 Exception <a 'java/lang/NoSuchMethodError': Method sun.misc.Unsafe.prefetchRead(Ljava/lang/Object;J)V name or signature does not match> (0x000000076dd07f90) thrown at [/build/openjdk-8-VTMhfL/openjdk-8-8u131-b11/src/hotspot/src/share/vm/prims/jni.cpp, lin
Event: 0.062 Thread 0x00007f46f800a800 Exception <a 'java/security/PrivilegedActionException'> (0x000000076dd66728) thrown at [/build/openjdk-8-VTMhfL/openjdk-8-8u131-b11/src/hotspot/src/share/vm/prims/jvm.cpp, line 1390]
Event: 0.062 Thread 0x00007f46f800a800 Exception <a 'java/security/PrivilegedActionException'> (0x000000076dd66938) thrown at [/build/openjdk-8-VTMhfL/openjdk-8-8u131-b11/src/hotspot/src/share/vm/prims/jvm.cpp, line 1390]
Event: 0.185 Thread 0x00007f46f800a800 Exception <a 'java/security/PrivilegedActionException'> (0x000000076e433040) thrown at [/build/openjdk-8-VTMhfL/openjdk-8-8u131-b11/src/hotspot/src/share/vm/prims/jvm.cpp, line 1390]
Event: 0.185 Thread 0x00007f46f800a800 Exception <a 'java/security/PrivilegedActionException'> (0x000000076e433250) thrown at [/build/openjdk-8-VTMhfL/openjdk-8-8u131-b11/src/hotspot/src/share/vm/prims/jvm.cpp, line 1390]
Event: 0.185 Thread 0x00007f46f800a800 Exception <a 'java/security/PrivilegedActionException'> (0x000000076e4352d8) thrown at [/build/openjdk-8-VTMhfL/openjdk-8-8u131-b11/src/hotspot/src/share/vm/prims/jvm.cpp, line 1390]
Event: 0.185 Thread 0x00007f46f800a800 Exception <a 'java/security/PrivilegedActionException'> (0x000000076e4354e8) thrown at [/build/openjdk-8-VTMhfL/openjdk-8-8u131-b11/src/hotspot/src/share/vm/prims/jvm.cpp, line 1390]
Event: 0.185 Thread 0x00007f46f800a800 Exception <a 'java/security/PrivilegedActionException'> (0x000000076e435fc0) thrown at [/build/openjdk-8-VTMhfL/openjdk-8-8u131-b11/src/hotspot/src/share/vm/prims/jvm.cpp, line 1390]
Event: 0.185 Thread 0x00007f46f800a800 Exception <a 'java/security/PrivilegedActionException'> (0x000000076e4361d0) thrown at [/build/openjdk-8-VTMhfL/openjdk-8-8u131-b11/src/hotspot/src/share/vm/prims/jvm.cpp, line 1390]

Events (10 events):
Event: 11.320 loading class clojure/core$partition_by$fn__7020 done
Event: 11.322 loading class clojure/core$partition_by$fn__7020$fn__7021
Event: 11.322 loading class clojure/core$partition_by$fn__7020$fn__7021 done
Event: 11.323 loading class clojure/core$partition_all$fn__7041
Event: 11.323 loading class clojure/core$partition_all$fn__7041 done
Event: 13.452 Executing VM operation: ParallelGCFailedAllocation
Event: 13.460 Executing VM operation: ParallelGCFailedAllocation done
Event: 13.460 Executing VM operation: BulkRevokeBias
Event: 13.460 Executing VM operation: BulkRevokeBias done
Event: 15.981 Executing VM operation: ParallelGCFailedAllocation


Dynamic libraries:
00400000-00401000 r-xp 00000000 08:01 142156                             /usr/lib/jvm/java-8-openjdk-amd64/jre/bin/java
00600000-00601000 r--p 00000000 08:01 142156                             /usr/lib/jvm/java-8-openjdk-amd64/jre/bin/java
00601000-00602000 rw-p 00001000 08:01 142156                             /usr/lib/jvm/java-8-openjdk-amd64/jre/bin/java
00e31000-00e52000 rw-p 00000000 00:00 0                                  [heap]
6c9600000-6cef00000 rw-p 00000000 00:00 0 
6cef00000-76dd00000 ---p 00000000 00:00 0 
76dd00000-7b6f80000 rw-p 00000000 00:00 0 
7c0000000-7c080c000 rw-p 00000000 00:00 0 
7c080c000-800000000 ---p 00000000 00:00 0 
7f46a0000000-7f46a0021000 rw-p 00000000 00:00 0 
7f46a0021000-7f46a4000000 ---p 00000000 00:00 0 
7f46a8000000-7f46a83c6000 rw-p 00000000 00:00 0 
7f46a83c6000-7f46ac000000 ---p 00000000 00:00 0 
7f46ac000000-7f46ac021000 rw-p 00000000 00:00 0 
7f46ac021000-7f46b0000000 ---p 00000000 00:00 0 
7f46b0000000-7f46b004e000 rw-p 00000000 00:00 0 
7f46b004e000-7f46b4000000 ---p 00000000 00:00 0 
7f46b4000000-7f46b4021000 rw-p 00000000 00:00 0 
7f46b4021000-7f46b8000000 ---p 00000000 00:00 0 
7f46b8000000-7f46b8021000 rw-p 00000000 00:00 0 
7f46b8021000-7f46bc000000 ---p 00000000 00:00 0 
7f46bc000000-7f46bc021000 rw-p 00000000 00:00 0 
7f46bc021000-7f46c0000000 ---p 00000000 00:00 0 
7f46c0000000-7f46c0021000 rw-p 00000000 00:00 0 
7f46c0021000-7f46c4000000 ---p 00000000 00:00 0 
7f46c44b0000-7f46cc000000 rw-p 00000000 00:00 0 
7f46cc000000-7f46cc021000 rw-p 00000000 00:00 0 
7f46cc021000-7f46d0000000 ---p 00000000 00:00 0 
7f46d0000000-7f46d0021000 rw-p 00000000 00:00 0 
7f46d0021000-7f46d4000000 ---p 00000000 00:00 0 
7f46d4000000-7f46d4021000 rw-p 00000000 00:00 0 
7f46d4021000-7f46d8000000 ---p 00000000 00:00 0 
7f46dc000000-7f46dc021000 rw-p 00000000 00:00 0 
7f46dc021000-7f46e0000000 ---p 00000000 00:00 0 
7f46e2575000-7f46e26b5000 rw-p 00000000 00:00 0 
7f46e26b5000-7f46e2775000 ---p 00000000 00:00 0 
7f46e2775000-7f46e2975000 rw-p 00000000 00:00 0 
7f46e2975000-7f46e299d000 r-xp 00000000 08:01 141735                     /usr/lib/jvm/java-8-openjdk-amd64/jre/lib/amd64/libsunec.so
7f46e299d000-7f46e2b9c000 ---p 00028000 08:01 141735                     /usr/lib/jvm/java-8-openjdk-amd64/jre/lib/amd64/libsunec.so
7f46e2b9c000-7f46e2ba0000 r--p 00027000 08:01 141735                     /usr/lib/jvm/java-8-openjdk-amd64/jre/lib/amd64/libsunec.so
7f46e2ba0000-7f46e2ba1000 rw-p 0002b000 08:01 141735                     /usr/lib/jvm/java-8-openjdk-amd64/jre/lib/amd64/libsunec.so
7f46e2ba2000-7f46e2ba5000 r--s 00015000 08:01 142081                     /usr/lib/jvm/java-8-openjdk-amd64/jre/lib/jce.jar
7f46e2ba7000-7f46e2bac000 r--s 0009a000 08:01 141998                     /usr/lib/jvm/java-8-openjdk-amd64/jre/lib/jsse.jar
7f46e2bae000-7f46e2dae000 rw-p 00000000 00:00 0 
7f46e2dae000-7f46e2fae000 rw-p 00000000 00:00 0 
7f46e2fae000-7f46e31ae000 rw-p 00000000 00:00 0 
7f46e31ae000-7f46e31b0000 r--s 00001000 08:05 2891030                    /home/rupesh/.m2/repository/lein-autoexpect/lein-autoexpect/1.9.0/lein-autoexpect-1.9.0.jar
7f46e31b6000-7f46e31b7000 r--s 00001000 08:05 2891033                    /home/rupesh/.m2/repository/gntp/gntp/0.6.0/gntp-0.6.0.jar
7f46e31b9000-7f46e31ba000 r--s 00004000 08:05 2891024                    /home/rupesh/.m2/repository/org/clojure/tools.namespace/0.2.11/tools.namespace-0.2.11.jar
7f46e31be000-7f46e31cf000 r--s 00089000 08:05 2890879                    /home/rupesh/.m2/repository/joda-time/joda-time/2.9.3/joda-time-2.9.3.jar
7f46e31cf000-7f46e3212000 r--s 00332000 08:05 2883721                    /home/rupesh/.m2/repository/org/clojure/clojure/1.8.0/clojure-1.8.0.jar
7f46e3217000-7f46e3218000 ---p 00000000 00:00 0 
7f46e3218000-7f46e3318000 rw-p 00000000 00:00 0 
7f46e3318000-7f46e331b000 ---p 00000000 00:00 0 
7f46e331b000-7f46e3419000 rw-p 00000000 00:00 0 
7f46e3419000-7f46e341c000 ---p 00000000 00:00 0 
7f46e341c000-7f46e351a000 rw-p 00000000 00:00 0 
7f46e351a000-7f46e351d000 ---p 00000000 00:00 0 
7f46e351d000-7f46e361b000 rw-p 00000000 00:00 0 
7f46e361b000-7f46e361e000 ---p 00000000 00:00 0 
7f46e361e000-7f46e371c000 rw-p 00000000 00:00 0 
7f46e371c000-7f46e371f000 ---p 00000000 00:00 0 
7f46e371f000-7f46e381d000 rw-p 00000000 00:00 0 
7f46e381d000-7f46e3af5000 r--p 00000000 08:01 131490                     /usr/lib/locale/locale-archive
7f46e3afb000-7f46e3afe000 ---p 00000000 00:00 0 
7f46e3afe000-7f46e3bfc000 rw-p 00000000 00:00 0 
7f46e3bfc000-7f46e3bff000 ---p 00000000 00:00 0 
7f46e3bff000-7f46e3cfd000 rw-p 00000000 00:00 0 
7f46e3cfd000-7f46e3cfe000 ---p 00000000 00:00 0 
7f46e3cfe000-7f46e4000000 rw-p 00000000 00:00 0 
7f46e4000000-7f46e4021000 rw-p 00000000 00:00 0 
7f46e4021000-7f46e8000000 ---p 00000000 00:00 0 
7f46e8007000-7f46e8008000 r--s 00002000 08:05 2891034                    /home/rupesh/.m2/repository/leinjacker/leinjacker/0.4.2/leinjacker-0.4.2.jar
7f46e800a000-7f46e8012000 r--s 00045000 08:05 2890881                    /home/rupesh/.m2/repository/junit/junit/4.12/junit-4.12.jar
7f46e8015000-7f46e8017000 r--s 00000000 08:05 2891218                    /home/rupesh/.m2/repository/org/clojure/math.numeric-tower/0.0.4/math.numeric-tower-0.0.4.jar
7f46e801d000-7f46e801f000 r--s 00000000 08:05 2891026                    /home/rupesh/.m2/repository/org/clojure/core.unify/0.5.3/core.unify-0.5.3.jar
7f46e801f000-7f46e8020000 r--s 00002000 08:05 2883724                    /home/rupesh/.m2/repository/clojure-complete/clojure-complete/0.2.4/clojure-complete-0.2.4.jar
7f46e8026000-7f46e8027000 r--s 00009000 08:05 2883720                    /home/rupesh/.m2/repository/org/clojure/tools.nrepl/0.2.12/tools.nrepl-0.2.12.jar
7f46e802e000-7f46e8030000 r--s 00009000 08:05 2890880                    /home/rupesh/.m2/repository/org/hamcrest/hamcrest-core/1.3/hamcrest-core-1.3.jar
7f46e8036000-7f46e8037000 r--s 00001000 08:05 2891025                    /home/rupesh/.m2/repository/org/clojure/core.contracts/0.0.1/core.contracts-0.0.1.jar
7f46e8039000-7f46e803a000 r--s 00004000 08:05 2890885                    /home/rupesh/.m2/repository/expectations/expectations/2.2.0-beta1/expectations-2.2.0-beta1.jar
7f46e803d000-7f46e803e000 r--s 00000000 08:05 2891032                    /home/rupesh/.m2/repository/org/clojars/jgrocho/digest/1.5.0/digest-1.5.0.jar
7f46e8045000-7f46e8047000 r--s 00008000 08:01 141699                     /usr/lib/jvm/java-8-openjdk-amd64/jre/lib/ext/sunec.jar
7f46e8048000-7f46e804d000 r--s 0003b000 08:01 141703                     /usr/lib/jvm/java-8-openjdk-amd64/jre/lib/ext/sunjce_provider.jar
7f46e804e000-7f46e8050000 r--s 00001000 08:01 141689                     /usr/lib/jvm/java-8-openjdk-amd64/jre/lib/ext/dnsns.jar
7f46e8051000-7f46e806c000 r--s 00394000 08:01 141717                     /usr/lib/jvm/java-8-openjdk-amd64/jre/lib/ext/cldrdata.jar
7f46e806c000-7f46e8070000 r--s 00037000 08:01 141691                     /usr/lib/jvm/java-8-openjdk-amd64/jre/lib/ext/sunpkcs11.jar
7f46e8074000-7f46e8077000 r--s 0000f000 08:01 141712                     /usr/lib/jvm/java-8-openjdk-amd64/jre/lib/ext/icedtea-sound.jar
7f46e807b000-7f46e8096000 r--s 001d6000 08:01 141728                     /usr/lib/jvm/java-8-openjdk-amd64/jre/lib/ext/nashorn.jar
7f46e809b000-7f46e8e2c000 rw-p 00000000 00:00 0 
7f46e8e2c000-7f46e8ffb000 r--s 03c07000 08:01 141876                     /usr/lib/jvm/java-8-openjdk-amd64/jre/lib/rt.jar
7f46e9000000-7f46e9550000 rwxp 00000000 00:00 0 
7f46e9550000-7f46f8000000 ---p 00000000 00:00 0 
7f46f8000000-7f46f8e2a000 rw-p 00000000 00:00 0 
7f46f8e2a000-7f46fc000000 ---p 00000000 00:00 0 
7f46fc007000-7f46fc008000 r--s 0000a000 08:01 141690                     /usr/lib/jvm/java-8-openjdk-amd64/jre/lib/ext/jaccess.jar
7f46fc00e000-7f46fd0a7000 rw-p 00000000 00:00 0 
7f46fd0a7000-7f46fd0a8000 ---p 00000000 00:00 0 
7f46fd0a8000-7f46fd1a8000 rw-p 00000000 00:00 0 
7f46fd1a8000-7f46fd1a9000 ---p 00000000 00:00 0 
7f46fd1a9000-7f46fd2a9000 rw-p 00000000 00:00 0 
7f46fd2a9000-7f46fd2aa000 ---p 00000000 00:00 0 
7f46fd2aa000-7f46fd3aa000 rw-p 00000000 00:00 0 
7f46fd3aa000-7f46fd3ab000 ---p 00000000 00:00 0 
7f46fd3ab000-7f46fd4d8000 rw-p 00000000 00:00 0 
7f46fd4d8000-7f46fd9cf000 ---p 00000000 00:00 0 
7f46fd9cf000-7f46fd9fc000 rw-p 00000000 00:00 0 
7f46fd9fc000-7f46fdef2000 ---p 00000000 00:00 0 
7f46fdef2000-7f46fe13c000 rw-p 00000000 00:00 0 
7f46fe13c000-7f46fe184000 ---p 00000000 00:00 0 
7f46fe184000-7f46fe19b000 rw-p 00000000 00:00 0 
7f46fe19b000-7f46fe545000 ---p 00000000 00:00 0 
7f46fe545000-7f46fe54d000 r-xp 00000000 08:01 141782                     /usr/lib/jvm/java-8-openjdk-amd64/jre/lib/amd64/libzip.so
7f46fe54d000-7f46fe74c000 ---p 00008000 08:01 141782                     /usr/lib/jvm/java-8-openjdk-amd64/jre/lib/amd64/libzip.so
7f46fe74c000-7f46fe74d000 r--p 00007000 08:01 141782                     /usr/lib/jvm/java-8-openjdk-amd64/jre/lib/amd64/libzip.so
7f46fe74d000-7f46fe74e000 rw-p 00008000 08:01 141782                     /usr/lib/jvm/java-8-openjdk-amd64/jre/lib/amd64/libzip.so
7f46fe755000-7f46fe760000 r-xp 00000000 08:01 1720349                    /lib/x86_64-linux-gnu/libnss_files-2.23.so
7f46fe760000-7f46fe95f000 ---p 0000b000 08:01 1720349                    /lib/x86_64-linux-gnu/libnss_files-2.23.so
7f46fe95f000-7f46fe960000 r--p 0000a000 08:01 1720349                    /lib/x86_64-linux-gnu/libnss_files-2.23.so
7f46fe960000-7f46fe961000 rw-p 0000b000 08:01 1720349                    /lib/x86_64-linux-gnu/libnss_files-2.23.so
7f46fe961000-7f46fe967000 rw-p 00000000 00:00 0 
7f46fe96d000-7f46fe978000 r-xp 00000000 08:01 1720352                    /lib/x86_64-linux-gnu/libnss_nis-2.23.so
7f46fe978000-7f46feb77000 ---p 0000b000 08:01 1720352                    /lib/x86_64-linux-gnu/libnss_nis-2.23.so
7f46feb77000-7f46feb78000 r--p 0000a000 08:01 1720352                    /lib/x86_64-linux-gnu/libnss_nis-2.23.so
7f46feb78000-7f46feb79000 rw-p 0000b000 08:01 1720352                    /lib/x86_64-linux-gnu/libnss_nis-2.23.so
7f46feb7d000-7f46feb93000 r-xp 00000000 08:01 1719488                    /lib/x86_64-linux-gnu/libnsl-2.23.so
7f46feb93000-7f46fed92000 ---p 00016000 08:01 1719488                    /lib/x86_64-linux-gnu/libnsl-2.23.so
7f46fed92000-7f46fed93000 r--p 00015000 08:01 1719488                    /lib/x86_64-linux-gnu/libnsl-2.23.so
7f46fed93000-7f46fed94000 rw-p 00016000 08:01 1719488                    /lib/x86_64-linux-gnu/libnsl-2.23.so
7f46fed94000-7f46fed96000 rw-p 00000000 00:00 0 
7f46fed9d000-7f46feda5000 r-xp 00000000 08:01 1720358                    /lib/x86_64-linux-gnu/libnss_compat-2.23.so
7f46feda5000-7f46fefa4000 ---p 00008000 08:01 1720358                    /lib/x86_64-linux-gnu/libnss_compat-2.23.so
7f46fefa4000-7f46fefa5000 r--p 00007000 08:01 1720358                    /lib/x86_64-linux-gnu/libnss_compat-2.23.so
7f46fefa5000-7f46fefa6000 rw-p 00008000 08:01 1720358                    /lib/x86_64-linux-gnu/libnss_compat-2.23.so
7f46fefad000-7f46fefda000 r-xp 00000000 08:01 141767                     /usr/lib/jvm/java-8-openjdk-amd64/jre/lib/amd64/libjava.so
7f46fefda000-7f46ff1d9000 ---p 0002d000 08:01 141767                     /usr/lib/jvm/java-8-openjdk-amd64/jre/lib/amd64/libjava.so
7f46ff1d9000-7f46ff1da000 r--p 0002c000 08:01 141767                     /usr/lib/jvm/java-8-openjdk-amd64/jre/lib/amd64/libjava.so
7f46ff1da000-7f46ff1dc000 rw-p 0002d000 08:01 141767                     /usr/lib/jvm/java-8-openjdk-amd64/jre/lib/amd64/libjava.so
7f46ff1dd000-7f46ff1ec000 r-xp 00000000 08:01 141757                     /usr/lib/jvm/java-8-openjdk-amd64/jre/lib/amd64/libverify.so
7f46ff1ec000-7f46ff3eb000 ---p 0000f000 08:01 141757                     /usr/lib/jvm/java-8-openjdk-amd64/jre/lib/amd64/libverify.so
7f46ff3eb000-7f46ff3ed000 r--p 0000e000 08:01 141757                     /usr/lib/jvm/java-8-openjdk-amd64/jre/lib/amd64/libverify.so
7f46ff3ed000-7f46ff3ee000 rw-p 00010000 08:01 141757                     /usr/lib/jvm/java-8-openjdk-amd64/jre/lib/amd64/libverify.so
7f46ff3f5000-7f46ff3fc000 r-xp 00000000 08:01 1720354                    /lib/x86_64-linux-gnu/librt-2.23.so
7f46ff3fc000-7f46ff5fb000 ---p 00007000 08:01 1720354                    /lib/x86_64-linux-gnu/librt-2.23.so
7f46ff5fb000-7f46ff5fc000 r--p 00006000 08:01 1720354                    /lib/x86_64-linux-gnu/librt-2.23.so
7f46ff5fc000-7f46ff5fd000 rw-p 00007000 08:01 1720354                    /lib/x86_64-linux-gnu/librt-2.23.so
7f46ff5fd000-7f46ff613000 r-xp 00000000 08:01 1712233                    /lib/x86_64-linux-gnu/libgcc_s.so.1
7f46ff613000-7f46ff812000 ---p 00016000 08:01 1712233                    /lib/x86_64-linux-gnu/libgcc_s.so.1
7f46ff812000-7f46ff813000 rw-p 00015000 08:01 1712233                    /lib/x86_64-linux-gnu/libgcc_s.so.1
7f46ff815000-7f46ff91d000 r-xp 00000000 08:01 1720363                    /lib/x86_64-linux-gnu/libm-2.23.so
7f46ff91d000-7f46ffb1c000 ---p 00108000 08:01 1720363                    /lib/x86_64-linux-gnu/libm-2.23.so
7f46ffb1c000-7f46ffb1d000 r--p 00107000 08:01 1720363                    /lib/x86_64-linux-gnu/libm-2.23.so
7f46ffb1d000-7f46ffb1e000 rw-p 00108000 08:01 1720363                    /lib/x86_64-linux-gnu/libm-2.23.so
7f46ffb25000-7f46ffc97000 r-xp 00000000 08:01 134090                     /usr/lib/x86_64-linux-gnu/libstdc++.so.6.0.21
7f46ffc97000-7f46ffe97000 ---p 00172000 08:01 134090                     /usr/lib/x86_64-linux-gnu/libstdc++.so.6.0.21
7f46ffe97000-7f46ffea1000 r--p 00172000 08:01 134090                     /usr/lib/x86_64-linux-gnu/libstdc++.so.6.0.21
7f46ffea1000-7f46ffea3000 rw-p 0017c000 08:01 134090                     /usr/lib/x86_64-linux-gnu/libstdc++.so.6.0.21
7f46ffea3000-7f46ffea7000 rw-p 00000000 00:00 0 
7f46ffead000-7f4700afe000 r-xp 00000000 08:01 141756                     /usr/lib/jvm/java-8-openjdk-amd64/jre/lib/amd64/server/libjvm.so
7f4700afe000-7f4700cfe000 ---p 00c51000 08:01 141756                     /usr/lib/jvm/java-8-openjdk-amd64/jre/lib/amd64/server/libjvm.so
7f4700cfe000-7f4700d91000 r--p 00c51000 08:01 141756                     /usr/lib/jvm/java-8-openjdk-amd64/jre/lib/amd64/server/libjvm.so
7f4700d91000-7f4700dba000 rw-p 00ce4000 08:01 141756                     /usr/lib/jvm/java-8-openjdk-amd64/jre/lib/amd64/server/libjvm.so
7f4700dba000-7f4700dea000 rw-p 00000000 00:00 0 
7f4700ded000-7f4700e05000 r-xp 00000000 08:01 1720351                    /lib/x86_64-linux-gnu/libpthread-2.23.so
7f4700e05000-7f4701004000 ---p 00018000 08:01 1720351                    /lib/x86_64-linux-gnu/libpthread-2.23.so
7f4701004000-7f4701005000 r--p 00017000 08:01 1720351                    /lib/x86_64-linux-gnu/libpthread-2.23.so
7f4701005000-7f4701006000 rw-p 00018000 08:01 1720351                    /lib/x86_64-linux-gnu/libpthread-2.23.so
7f4701006000-7f470100a000 rw-p 00000000 00:00 0 
7f470100d000-7f4701010000 r-xp 00000000 08:01 1720357                    /lib/x86_64-linux-gnu/libdl-2.23.so
7f4701010000-7f470120f000 ---p 00003000 08:01 1720357                    /lib/x86_64-linux-gnu/libdl-2.23.so
7f470120f000-7f4701210000 r--p 00002000 08:01 1720357                    /lib/x86_64-linux-gnu/libdl-2.23.so
7f4701210000-7f4701211000 rw-p 00003000 08:01 1720357                    /lib/x86_64-linux-gnu/libdl-2.23.so
7f4701215000-7f470122e000 r-xp 00000000 08:01 1712197                    /lib/x86_64-linux-gnu/libz.so.1.2.8
7f470122e000-7f470142d000 ---p 00019000 08:01 1712197                    /lib/x86_64-linux-gnu/libz.so.1.2.8
7f470142d000-7f470142e000 r--p 00018000 08:01 1712197                    /lib/x86_64-linux-gnu/libz.so.1.2.8
7f470142e000-7f470142f000 rw-p 00019000 08:01 1712197                    /lib/x86_64-linux-gnu/libz.so.1.2.8
7f4701435000-7f47015f5000 r-xp 00000000 08:01 1720368                    /lib/x86_64-linux-gnu/libc-2.23.so
7f47015f5000-7f47017f5000 ---p 001c0000 08:01 1720368                    /lib/x86_64-linux-gnu/libc-2.23.so
7f47017f5000-7f47017f9000 r--p 001c0000 08:01 1720368                    /lib/x86_64-linux-gnu/libc-2.23.so
7f47017f9000-7f47017fb000 rw-p 001c4000 08:01 1720368                    /lib/x86_64-linux-gnu/libc-2.23.so
7f47017fb000-7f47017ff000 rw-p 00000000 00:00 0 
7f4701805000-7f4701812000 r-xp 00000000 08:01 141807                     /usr/lib/jvm/java-8-openjdk-amd64/jre/lib/amd64/jli/libjli.so
7f4701812000-7f4701a12000 ---p 0000d000 08:01 141807                     /usr/lib/jvm/java-8-openjdk-amd64/jre/lib/amd64/jli/libjli.so
7f4701a12000-7f4701a13000 r--p 0000d000 08:01 141807                     /usr/lib/jvm/java-8-openjdk-amd64/jre/lib/amd64/jli/libjli.so
7f4701a13000-7f4701a14000 rw-p 0000e000 08:01 141807                     /usr/lib/jvm/java-8-openjdk-amd64/jre/lib/amd64/jli/libjli.so
7f4701a15000-7f4701a3b000 r-xp 00000000 08:01 1720346                    /lib/x86_64-linux-gnu/ld-2.23.so
7f4701a3d000-7f4701a3e000 r--s 00010000 08:01 141692                     /usr/lib/jvm/java-8-openjdk-amd64/jre/lib/ext/zipfs.jar
7f4701a43000-7f4701a4d000 r--s 00116000 08:01 141727                     /usr/lib/jvm/java-8-openjdk-amd64/jre/lib/ext/localedata.jar
7f4701a54000-7f4701b25000 rw-p 00000000 00:00 0 
7f4701b25000-7f4701b2d000 rw-s 00000000 08:01 947253                     /tmp/hsperfdata_rupesh/7356
7f4701b30000-7f4701b31000 rw-p 00000000 00:00 0 
7f4701b31000-7f4701b32000 ---p 00000000 00:00 0 
7f4701b32000-7f4701b35000 ---p 00000000 00:00 0 
7f4701b35000-7f4701c3a000 rw-p 00000000 00:00 0 
7f4701c3a000-7f4701c3b000 r--p 00025000 08:01 1720346                    /lib/x86_64-linux-gnu/ld-2.23.so
7f4701c3b000-7f4701c3c000 rw-p 00026000 08:01 1720346                    /lib/x86_64-linux-gnu/ld-2.23.so
7f4701c3c000-7f4701c3d000 rw-p 00000000 00:00 0 
7ffea7fee000-7ffea8010000 rw-p 00000000 00:00 0                          [stack]
7ffea8035000-7ffea8037000 r--p 00000000 00:00 0                          [vvar]
7ffea8037000-7ffea8039000 r-xp 00000000 00:00 0                          [vdso]
ffffffffff600000-ffffffffff601000 r-xp 00000000 00:00 0                  [vsyscall]

VM Arguments:
jvm_args: -Dfile.encoding=UTF-8 -XX:+TieredCompilation -XX:TieredStopAtLevel=1 -XX:-OmitStackTraceInFastThrow -Dclojure.compile.path=/home/rupesh/tech-team/noob2pro/target/base+system+user+dev/classes -Dnoob2pro.version=0.1.0-SNAPSHOT -Dclojure.debug=false 
java_command: clojure.main -i /tmp/form-init127422807049219898.clj
java_class_path (initial): /home/rupesh/tech-team/noob2pro/test:/home/rupesh/tech-team/noob2pro/src:/home/rupesh/tech-team/noob2pro/dev-resources:/home/rupesh/tech-team/noob2pro/resources:/home/rupesh/tech-team/noob2pro/target/base+system+user+dev/classes:/home/rupesh/.m2/repository/org/clojars/jgrocho/digest/1.5.0/digest-1.5.0.jar:/home/rupesh/.m2/repository/org/clojure/clojure/1.8.0/clojure-1.8.0.jar:/home/rupesh/.m2/repository/expectations/expectations/2.2.0-beta1/expectations-2.2.0-beta1.jar:/home/rupesh/.m2/repository/org/clojure/core.contracts/0.0.1/core.contracts-0.0.1.jar:/home/rupesh/.m2/repository/org/hamcrest/hamcrest-core/1.3/hamcrest-core-1.3.jar:/home/rupesh/.m2/repository/org/clojure/tools.nrepl/0.2.12/tools.nrepl-0.2.12.jar:/home/rupesh/.m2/repository/clojure-complete/clojure-complete/0.2.4/clojure-complete-0.2.4.jar:/home/rupesh/.m2/repository/org/clojure/core.unify/0.5.3/core.unify-0.5.3.jar:/home/rupesh/.m2/repository/org/clojure/math.numeric-tower/0.0.4/math.numeric-tower-0.0.4.jar:/home/rupesh/.m2/repository/junit/junit/4.12/junit-4.12.jar:/home/rupesh/.m2/repository/joda-time/joda-time/2.9.3/joda-time-2.9.3.jar:/home/rupesh/.m2/repository/leinjacker/leinjacker/0.4.2/leinjacker-0.4.2.jar:/home/rupesh/.m2/repository/org/clojure/tools.namespace/0.2.11/tools.namespace-0.2.11.jar:/home/rupesh/.m2/repository/gntp/gntp/0.6.0/gntp-0.6.0.jar:/home/rupesh/.m2/repository/lein-autoexpect/lein-autoexpect/1.9.0/lein-autoexpect-1.9.0.jar
Launcher Type: SUN_STANDARD

Environment Variables:
JAVA_HOME=/usr/lib/jvm/default-java
CLASSPATH=/home/rupesh/.lein/self-installs/leiningen-2.7.1-standalone.jar
PATH=/home/rupesh/Downloads/android-sdk-linux/tools/:Downloads/arc/arcanist/bin/:/home/rupesh/bin:/home/rupesh/.local/bin:/usr/local/sbin:/usr/local/bin:/usr/sbin:/usr/bin:/sbin:/bin:/usr/games:/usr/local/games:/snap/bin
SHELL=/bin/bash
DISPLAY=:0

Signal Handlers:
SIGSEGV: [libjvm.so+0xa67f40], sa_mask[0]=11111111011111111101111111111110, sa_flags=SA_RESTART|SA_SIGINFO
SIGBUS: [libjvm.so+0xa67f40], sa_mask[0]=11111111011111111101111111111110, sa_flags=SA_RESTART|SA_SIGINFO
SIGFPE: [libjvm.so+0x8b0ec0], sa_mask[0]=11111111011111111101111111111110, sa_flags=SA_RESTART|SA_SIGINFO
SIGPIPE: [libjvm.so+0x8b0ec0], sa_mask[0]=11111111011111111101111111111110, sa_flags=SA_RESTART|SA_SIGINFO
SIGXFSZ: [libjvm.so+0x8b0ec0], sa_mask[0]=11111111011111111101111111111110, sa_flags=SA_RESTART|SA_SIGINFO
SIGILL: [libjvm.so+0x8b0ec0], sa_mask[0]=11111111011111111101111111111110, sa_flags=SA_RESTART|SA_SIGINFO
SIGUSR1: SIG_DFL, sa_mask[0]=00000000000000000000000000000000, sa_flags=none
SIGUSR2: [libjvm.so+0x8b0d70], sa_mask[0]=00100000000000000000000000000000, sa_flags=SA_RESTART|SA_SIGINFO
SIGHUP: [libjvm.so+0x8b1240], sa_mask[0]=11111111011111111101111111111110, sa_flags=SA_RESTART|SA_SIGINFO
SIGINT: [libjvm.so+0x8b1240], sa_mask[0]=11111111011111111101111111111110, sa_flags=SA_RESTART|SA_SIGINFO
SIGTERM: [libjvm.so+0x8b1240], sa_mask[0]=11111111011111111101111111111110, sa_flags=SA_RESTART|SA_SIGINFO
SIGQUIT: [libjvm.so+0x8b1240], sa_mask[0]=11111111011111111101111111111110, sa_flags=SA_RESTART|SA_SIGINFO


---------------  S Y S T E M  ---------------

OS:DISTRIB_ID=Ubuntu
DISTRIB_RELEASE=16.04
DISTRIB_CODENAME=xenial
DISTRIB_DESCRIPTION="Ubuntu 16.04.1 LTS"

uname:Linux 4.4.0-83-generic #106-Ubuntu SMP Mon Jun 26 17:54:43 UTC 2017 x86_64
libc:glibc 2.23 NPTL 2.23 
rlimit: STACK 8192k, CORE 0k, NPROC 62695, NOFILE 65536, AS infinity
load average:0.66 0.41 0.29

/proc/meminfo:
MemTotal:       16156548 kB
MemFree:          198436 kB
MemAvailable:      93256 kB
Buffers:           11580 kB
Cached:           132748 kB
SwapCached:            0 kB
Active:         15536324 kB
Inactive:          96104 kB
Active(anon):   15491568 kB
Inactive(anon):    47676 kB
Active(file):      44756 kB
Inactive(file):    48428 kB
Unevictable:          32 kB
Mlocked:              32 kB
SwapTotal:             0 kB
SwapFree:              0 kB
Dirty:               648 kB
Writeback:             0 kB
AnonPages:      15488432 kB
Mapped:           121608 kB
Shmem:             50884 kB
Slab:              72380 kB
SReclaimable:      31056 kB
SUnreclaim:        41324 kB
KernelStack:       15840 kB
PageTables:        74964 kB
NFS_Unstable:          0 kB
Bounce:                0 kB
WritebackTmp:          0 kB
CommitLimit:     8078272 kB
Committed_AS:   27404652 kB
VmallocTotal:   34359738367 kB
VmallocUsed:           0 kB
VmallocChunk:          0 kB
HardwareCorrupted:     0 kB
AnonHugePages:  12955648 kB
CmaTotal:              0 kB
CmaFree:               0 kB
HugePages_Total:       0
HugePages_Free:        0
HugePages_Rsvd:        0
HugePages_Surp:        0
Hugepagesize:       2048 kB
DirectMap4k:      104960 kB
DirectMap2M:     2760704 kB
DirectMap1G:    14680064 kB


CPU:total 4 (initial active 4) (4 cores per cpu, 1 threads per core) family 21 model 2 stepping 0, cmov, cx8, fxsr, mmx, sse, sse2, sse3, ssse3, sse4.1, sse4.2, popcnt, avx, aes, clmul, mmxext, 3dnowpref, lzcnt, sse4a, tsc, tscinvbit, tscinv, bmi1

/proc/cpuinfo:
processor	: 0
vendor_id	: AuthenticAMD
cpu family	: 21
model		: 2
model name	: AMD FX(tm)-4300 Quad-Core Processor
stepping	: 0
microcode	: 0x600081c
cpu MHz		: 1400.000
cache size	: 2048 KB
physical id	: 0
siblings	: 4
core id		: 0
cpu cores	: 2
apicid		: 16
initial apicid	: 0
fpu		: yes
fpu_exception	: yes
cpuid level	: 13
wp		: yes
flags		: fpu vme de pse tsc msr pae mce cx8 apic sep mtrr pge mca cmov pat pse36 clflush mmx fxsr sse sse2 ht syscall nx mmxext fxsr_opt pdpe1gb rdtscp lm constant_tsc rep_good nopl nonstop_tsc extd_apicid aperfmperf pni pclmulqdq monitor ssse3 fma cx16 sse4_1 sse4_2 popcnt aes xsave avx f16c lahf_lm cmp_legacy svm extapic cr8_legacy abm sse4a misalignsse 3dnowprefetch osvw ibs xop skinit wdt lwp fma4 tce nodeid_msr tbm topoext perfctr_core perfctr_nb cpb hw_pstate vmmcall bmi1 arat npt lbrv svm_lock nrip_save tsc_scale vmcb_clean flushbyasid decodeassists pausefilter pfthreshold
bugs		: fxsave_leak sysret_ss_attrs
bogomips	: 7634.97
TLB size	: 1536 4K pages
clflush size	: 64
cache_alignment	: 64
address sizes	: 48 bits physical, 48 bits virtual
power management: ts ttp tm 100mhzsteps hwpstate cpb eff_freq_ro

processor	: 1
vendor_id	: AuthenticAMD
cpu family	: 21
model		: 2
model name	: AMD FX(tm)-4300 Quad-Core Processor
stepping	: 0
microcode	: 0x600081c
cpu MHz		: 2600.000
cache size	: 2048 KB
physical id	: 0
siblings	: 4
core id		: 1
cpu cores	: 2
apicid		: 17
initial apicid	: 1
fpu		: yes
fpu_exception	: yes
cpuid level	: 13
wp		: yes
flags		: fpu vme de pse tsc msr pae mce cx8 apic sep mtrr pge mca cmov pat pse36 clflush mmx fxsr sse sse2 ht syscall nx mmxext fxsr_opt pdpe1gb rdtscp lm constant_tsc rep_good nopl nonstop_tsc extd_apicid aperfmperf pni pclmulqdq monitor ssse3 fma cx16 sse4_1 sse4_2 popcnt aes xsave avx f16c lahf_lm cmp_legacy svm extapic cr8_legacy abm sse4a misalignsse 3dnowprefetch osvw ibs xop skinit wdt lwp fma4 tce nodeid_msr tbm topoext perfctr_core perfctr_nb cpb hw_pstate vmmcall bmi1 arat npt lbrv svm_lock nrip_save tsc_scale vmcb_clean flushbyasid decodeassists pausefilter pfthreshold
bugs		: fxsave_leak sysret_ss_attrs
bogomips	: 7634.97
TLB size	: 1536 4K pages
clflush size	: 64
cache_alignment	: 64
address sizes	: 48 bits physical, 48 bits virtual
power management: ts ttp tm 100mhzsteps hwpstate cpb eff_freq_ro

processor	: 2
vendor_id	: AuthenticAMD
cpu family	: 21
model		: 2
model name	: AMD FX(tm)-4300 Quad-Core Processor
stepping	: 0
microcode	: 0x600081c
cpu MHz		: 1800.000
cache size	: 2048 KB
physical id	: 0
siblings	: 4
core id		: 2
cpu cores	: 2
apicid		: 18
initial apicid	: 2
fpu		: yes
fpu_exception	: yes
cpuid level	: 13
wp		: yes
flags		: fpu vme de pse tsc msr pae mce cx8 apic sep mtrr pge mca cmov pat pse36 clflush mmx fxsr sse sse2 ht syscall nx mmxext fxsr_opt pdpe1gb rdtscp lm constant_tsc rep_good nopl nonstop_tsc extd_apicid aperfmperf pni pclmulqdq monitor ssse3 fma cx16 sse4_1 sse4_2 popcnt aes xsave avx f16c lahf_lm cmp_legacy svm extapic cr8_legacy abm sse4a misalignsse 3dnowprefetch osvw ibs xop skinit wdt lwp fma4 tce nodeid_msr tbm topoext perfctr_core perfctr_nb cpb hw_pstate vmmcall bmi1 arat npt lbrv svm_lock nrip_save tsc_scale vmcb_clean flushbyasid decodeassists pausefilter pfthreshold
bugs		: fxsave_leak sysret_ss_attrs
bogomips	: 7634.97
TLB size	: 1536 4K pages
clflush size	: 64
cache_alignment	: 64
address sizes	: 48 bits physical, 48 bits virtual
power management: ts ttp tm 100mhzsteps hwpstate cpb eff_freq_ro

processor	: 3
vendor_id	: AuthenticAMD
cpu family	: 21
model		: 2
model name	: AMD FX(tm)-4300 Quad-Core Processor
stepping	: 0
microcode	: 0x600081c
cpu MHz		: 2600.000
cache size	: 2048 KB
physical id	: 0
siblings	: 4
core id		: 3
cpu cores	: 2
apicid		: 19
initial apicid	: 3
fpu		: yes
fpu_exception	: yes
cpuid level	: 13
wp		: yes
flags		: fpu vme de pse tsc msr pae mce cx8 apic sep mtrr pge mca cmov pat pse36 clflush mmx fxsr sse sse2 ht syscall nx mmxext fxsr_opt pdpe1gb rdtscp lm constant_tsc rep_good nopl nonstop_tsc extd_apicid aperfmperf pni pclmulqdq monitor ssse3 fma cx16 sse4_1 sse4_2 popcnt aes xsave avx f16c lahf_lm cmp_legacy svm extapic cr8_legacy abm sse4a misalignsse 3dnowprefetch osvw ibs xop skinit wdt lwp fma4 tce nodeid_msr tbm topoext perfctr_core perfctr_nb cpb hw_pstate vmmcall bmi1 arat npt lbrv svm_lock nrip_save tsc_scale vmcb_clean flushbyasid decodeassists pausefilter pfthreshold
bugs		: fxsave_leak sysret_ss_attrs
bogomips	: 7634.97
TLB size	: 1536 4K pages
clflush size	: 64
cache_alignment	: 64
address sizes	: 48 bits physical, 48 bits virtual
power management: ts ttp tm 100mhzsteps hwpstate cpb eff_freq_ro



Memory: 4k page, physical 16156548k(198436k free), swap 0k(0k free)

vm_info: OpenJDK 64-Bit Server VM (25.131-b11) for linux-amd64 JRE (1.8.0_131-8u131-b11-0ubuntu1.16.04.2-b11), built on May  6 2017 02:45:27 by "buildd" with gcc 5.4.0 20160609

time: Sat Jul 22 13:04:15 2017
elapsed time: 16 seconds (0d 0h 0m 16s)

